CRITICAL - 2022-02-12 03:21:13 --> Call to a member function isPhone() on null
#0 /Applications/MAMP/htdocs/bobil-web-v1/vendor/codeigniter4/framework/system/View/View.php(220): include()
#1 /Applications/MAMP/htdocs/bobil-web-v1/vendor/codeigniter4/framework/system/View/View.php(222): CodeIgniter\View\View->CodeIgniter\View\{closure}()
#2 /Applications/MAMP/htdocs/bobil-web-v1/vendor/codeigniter4/framework/system/Common.php(1217): CodeIgniter\View\View->render('about', Array, true)
#3 /Applications/MAMP/htdocs/bobil-web-v1/app/Controllers/Home.php(27): view('about')
#4 /Applications/MAMP/htdocs/bobil-web-v1/vendor/codeigniter4/framework/system/CodeIgniter.php(935): App\Controllers\Home->about()
#5 /Applications/MAMP/htdocs/bobil-web-v1/vendor/codeigniter4/framework/system/CodeIgniter.php(431): CodeIgniter\CodeIgniter->runController(Object(App\Controllers\Home))
#6 /Applications/MAMP/htdocs/bobil-web-v1/vendor/codeigniter4/framework/system/CodeIgniter.php(332): CodeIgniter\CodeIgniter->handleRequest(NULL, Object(Config\Cache), false)
#7 /Applications/MAMP/htdocs/bobil-web-v1/public/index.php(44): CodeIgniter\CodeIgniter->run()
#8 /Applications/MAMP/htdocs/bobil-web-v1/vendor/codeigniter4/framework/system/Commands/Server/rewrite.php(45): require_once('/Applications/M...')
#9 {main}
CRITICAL - 2022-02-12 21:28:32 --> Call to a member function post() on null
#0 /Applications/MAMP/htdocs/bobil-web-v1/vendor/codeigniter4/framework/system/CodeIgniter.php(935): App\Controllers\Information->save()
#1 /Applications/MAMP/htdocs/bobil-web-v1/vendor/codeigniter4/framework/system/CodeIgniter.php(431): CodeIgniter\CodeIgniter->runController(Object(App\Controllers\Information))
#2 /Applications/MAMP/htdocs/bobil-web-v1/vendor/codeigniter4/framework/system/CodeIgniter.php(332): CodeIgniter\CodeIgniter->handleRequest(NULL, Object(Config\Cache), false)
#3 /Applications/MAMP/htdocs/bobil-web-v1/public/index.php(44): CodeIgniter\CodeIgniter->run()
#4 /Applications/MAMP/htdocs/bobil-web-v1/vendor/codeigniter4/framework/system/Commands/Server/rewrite.php(45): require_once('/Applications/M...')
#5 {main}
CRITICAL - 2022-02-12 21:30:11 --> Call to a member function post() on null
#0 /Applications/MAMP/htdocs/bobil-web-v1/vendor/codeigniter4/framework/system/CodeIgniter.php(935): App\Controllers\Information->save()
#1 /Applications/MAMP/htdocs/bobil-web-v1/vendor/codeigniter4/framework/system/CodeIgniter.php(431): CodeIgniter\CodeIgniter->runController(Object(App\Controllers\Information))
#2 /Applications/MAMP/htdocs/bobil-web-v1/vendor/codeigniter4/framework/system/CodeIgniter.php(332): CodeIgniter\CodeIgniter->handleRequest(NULL, Object(Config\Cache), false)
#3 /Applications/MAMP/htdocs/bobil-web-v1/public/index.php(44): CodeIgniter\CodeIgniter->run()
#4 /Applications/MAMP/htdocs/bobil-web-v1/vendor/codeigniter4/framework/system/Commands/Server/rewrite.php(45): require_once('/Applications/M...')
#5 {main}
CRITICAL - 2022-02-12 21:30:54 --> Call to a member function post() on null
#0 /Applications/MAMP/htdocs/bobil-web-v1/vendor/codeigniter4/framework/system/CodeIgniter.php(935): App\Controllers\Information->save()
#1 /Applications/MAMP/htdocs/bobil-web-v1/vendor/codeigniter4/framework/system/CodeIgniter.php(431): CodeIgniter\CodeIgniter->runController(Object(App\Controllers\Information))
#2 /Applications/MAMP/htdocs/bobil-web-v1/vendor/codeigniter4/framework/system/CodeIgniter.php(332): CodeIgniter\CodeIgniter->handleRequest(NULL, Object(Config\Cache), false)
#3 /Applications/MAMP/htdocs/bobil-web-v1/public/index.php(44): CodeIgniter\CodeIgniter->run()
#4 /Applications/MAMP/htdocs/bobil-web-v1/vendor/codeigniter4/framework/system/Commands/Server/rewrite.php(45): require_once('/Applications/M...')
#5 {main}
CRITICAL - 2022-02-12 21:32:26 --> Call to a member function post() on null
#0 /Applications/MAMP/htdocs/bobil-web-v1/vendor/codeigniter4/framework/system/CodeIgniter.php(935): App\Controllers\Information->save()
#1 /Applications/MAMP/htdocs/bobil-web-v1/vendor/codeigniter4/framework/system/CodeIgniter.php(431): CodeIgniter\CodeIgniter->runController(Object(App\Controllers\Information))
#2 /Applications/MAMP/htdocs/bobil-web-v1/vendor/codeigniter4/framework/system/CodeIgniter.php(332): CodeIgniter\CodeIgniter->handleRequest(NULL, Object(Config\Cache), false)
#3 /Applications/MAMP/htdocs/bobil-web-v1/public/index.php(44): CodeIgniter\CodeIgniter->run()
#4 /Applications/MAMP/htdocs/bobil-web-v1/vendor/codeigniter4/framework/system/Commands/Server/rewrite.php(45): require_once('/Applications/M...')
#5 {main}
CRITICAL - 2022-02-12 21:33:10 --> Call to a member function post() on null
#0 /Applications/MAMP/htdocs/bobil-web-v1/vendor/codeigniter4/framework/system/CodeIgniter.php(935): App\Controllers\Information->save()
#1 /Applications/MAMP/htdocs/bobil-web-v1/vendor/codeigniter4/framework/system/CodeIgniter.php(431): CodeIgniter\CodeIgniter->runController(Object(App\Controllers\Information))
#2 /Applications/MAMP/htdocs/bobil-web-v1/vendor/codeigniter4/framework/system/CodeIgniter.php(332): CodeIgniter\CodeIgniter->handleRequest(NULL, Object(Config\Cache), false)
#3 /Applications/MAMP/htdocs/bobil-web-v1/public/index.php(44): CodeIgniter\CodeIgniter->run()
#4 /Applications/MAMP/htdocs/bobil-web-v1/vendor/codeigniter4/framework/system/Commands/Server/rewrite.php(45): require_once('/Applications/M...')
#5 {main}
CRITICAL - 2022-02-12 21:36:04 --> Class 'App\Controllers\stdClass' not found
#0 /Applications/MAMP/htdocs/bobil-web-v1/vendor/codeigniter4/framework/system/CodeIgniter.php(935): App\Controllers\Information->save()
#1 /Applications/MAMP/htdocs/bobil-web-v1/vendor/codeigniter4/framework/system/CodeIgniter.php(431): CodeIgniter\CodeIgniter->runController(Object(App\Controllers\Information))
#2 /Applications/MAMP/htdocs/bobil-web-v1/vendor/codeigniter4/framework/system/CodeIgniter.php(332): CodeIgniter\CodeIgniter->handleRequest(NULL, Object(Config\Cache), false)
#3 /Applications/MAMP/htdocs/bobil-web-v1/public/index.php(44): CodeIgniter\CodeIgniter->run()
#4 /Applications/MAMP/htdocs/bobil-web-v1/vendor/codeigniter4/framework/system/Commands/Server/rewrite.php(45): require_once('/Applications/M...')
#5 {main}
CRITICAL - 2022-02-12 21:47:45 --> Too few arguments to function CodeIgniter\HTTP\IncomingRequest::getFile(), 0 passed in /Applications/MAMP/htdocs/bobil-web-v1/app/Controllers/Information.php on line 84 and exactly 1 expected
#0 /Applications/MAMP/htdocs/bobil-web-v1/app/Controllers/Information.php(84): CodeIgniter\HTTP\IncomingRequest->getFile()
#1 /Applications/MAMP/htdocs/bobil-web-v1/vendor/codeigniter4/framework/system/CodeIgniter.php(935): App\Controllers\Information->save()
#2 /Applications/MAMP/htdocs/bobil-web-v1/vendor/codeigniter4/framework/system/CodeIgniter.php(431): CodeIgniter\CodeIgniter->runController(Object(App\Controllers\Information))
#3 /Applications/MAMP/htdocs/bobil-web-v1/vendor/codeigniter4/framework/system/CodeIgniter.php(332): CodeIgniter\CodeIgniter->handleRequest(NULL, Object(Config\Cache), false)
#4 /Applications/MAMP/htdocs/bobil-web-v1/public/index.php(44): CodeIgniter\CodeIgniter->run()
#5 /Applications/MAMP/htdocs/bobil-web-v1/vendor/codeigniter4/framework/system/Commands/Server/rewrite.php(45): require_once('/Applications/M...')
#6 {main}
CRITICAL - 2022-02-12 21:50:15 --> Call to undefined method CodeIgniter\HTTP\IncomingRequest::getRequest()
#0 /Applications/MAMP/htdocs/bobil-web-v1/vendor/codeigniter4/framework/system/CodeIgniter.php(935): App\Controllers\Information->save()
#1 /Applications/MAMP/htdocs/bobil-web-v1/vendor/codeigniter4/framework/system/CodeIgniter.php(431): CodeIgniter\CodeIgniter->runController(Object(App\Controllers\Information))
#2 /Applications/MAMP/htdocs/bobil-web-v1/vendor/codeigniter4/framework/system/CodeIgniter.php(332): CodeIgniter\CodeIgniter->handleRequest(NULL, Object(Config\Cache), false)
#3 /Applications/MAMP/htdocs/bobil-web-v1/public/index.php(44): CodeIgniter\CodeIgniter->run()
#4 /Applications/MAMP/htdocs/bobil-web-v1/vendor/codeigniter4/framework/system/Commands/Server/rewrite.php(45): require_once('/Applications/M...')
#5 {main}
CRITICAL - 2022-02-12 21:55:15 --> Undefined variable: data
#0 /Applications/MAMP/htdocs/bobil-web-v1/app/Views/admin/information/landing.php(11): CodeIgniter\Debug\Exceptions->errorHandler(8, 'Undefined varia...', '/Applications/M...', 11, Array)
#1 /Applications/MAMP/htdocs/bobil-web-v1/vendor/codeigniter4/framework/system/View/View.php(220): include('/Applications/M...')
#2 /Applications/MAMP/htdocs/bobil-web-v1/vendor/codeigniter4/framework/system/View/View.php(222): CodeIgniter\View\View->CodeIgniter\View\{closure}()
#3 /Applications/MAMP/htdocs/bobil-web-v1/vendor/codeigniter4/framework/system/Common.php(1217): CodeIgniter\View\View->render('admin/informati...', Array, true)
#4 /Applications/MAMP/htdocs/bobil-web-v1/app/Controllers/Information.php(169): view('admin/informati...', Array)
#5 /Applications/MAMP/htdocs/bobil-web-v1/app/Controllers/Information.php(46): App\Controllers\Information->render('admin/informati...', Array)
#6 /Applications/MAMP/htdocs/bobil-web-v1/vendor/codeigniter4/framework/system/CodeIgniter.php(935): App\Controllers\Information->landing()
#7 /Applications/MAMP/htdocs/bobil-web-v1/vendor/codeigniter4/framework/system/CodeIgniter.php(431): CodeIgniter\CodeIgniter->runController(Object(App\Controllers\Information))
#8 /Applications/MAMP/htdocs/bobil-web-v1/vendor/codeigniter4/framework/system/CodeIgniter.php(332): CodeIgniter\CodeIgniter->handleRequest(NULL, Object(Config\Cache), false)
#9 /Applications/MAMP/htdocs/bobil-web-v1/public/index.php(44): CodeIgniter\CodeIgniter->run()
#10 /Applications/MAMP/htdocs/bobil-web-v1/vendor/codeigniter4/framework/system/Commands/Server/rewrite.php(45): require_once('/Applications/M...')
#11 {main}
CRITICAL - 2022-02-12 21:59:49 --> unlink(upload/): Operation not permitted
#0 [internal function]: CodeIgniter\Debug\Exceptions->errorHandler(2, 'unlink(upload/)...', '/Applications/M...', 111, Array)
#1 /Applications/MAMP/htdocs/bobil-web-v1/app/Controllers/Information.php(111): unlink('upload/')
#2 /Applications/MAMP/htdocs/bobil-web-v1/vendor/codeigniter4/framework/system/CodeIgniter.php(935): App\Controllers\Information->saveLanding()
#3 /Applications/MAMP/htdocs/bobil-web-v1/vendor/codeigniter4/framework/system/CodeIgniter.php(431): CodeIgniter\CodeIgniter->runController(Object(App\Controllers\Information))
#4 /Applications/MAMP/htdocs/bobil-web-v1/vendor/codeigniter4/framework/system/CodeIgniter.php(332): CodeIgniter\CodeIgniter->handleRequest(NULL, Object(Config\Cache), false)
#5 /Applications/MAMP/htdocs/bobil-web-v1/public/index.php(44): CodeIgniter\CodeIgniter->run()
#6 /Applications/MAMP/htdocs/bobil-web-v1/vendor/codeigniter4/framework/system/Commands/Server/rewrite.php(45): require_once('/Applications/M...')
#7 {main}
CRITICAL - 2022-02-12 22:02:30 --> Illegal string offset 'image1'
#0 /Applications/MAMP/htdocs/bobil-web-v1/app/Views/admin/information/landing.php(12): CodeIgniter\Debug\Exceptions->errorHandler(2, 'Illegal string ...', '/Applications/M...', 12, Array)
#1 /Applications/MAMP/htdocs/bobil-web-v1/vendor/codeigniter4/framework/system/View/View.php(220): include('/Applications/M...')
#2 /Applications/MAMP/htdocs/bobil-web-v1/vendor/codeigniter4/framework/system/View/View.php(222): CodeIgniter\View\View->CodeIgniter\View\{closure}()
#3 /Applications/MAMP/htdocs/bobil-web-v1/vendor/codeigniter4/framework/system/Common.php(1217): CodeIgniter\View\View->render('admin/informati...', Array, true)
#4 /Applications/MAMP/htdocs/bobil-web-v1/app/Controllers/Information.php(170): view('admin/informati...', Array)
#5 /Applications/MAMP/htdocs/bobil-web-v1/app/Controllers/Information.php(47): App\Controllers\Information->render('admin/informati...', Array)
#6 /Applications/MAMP/htdocs/bobil-web-v1/vendor/codeigniter4/framework/system/CodeIgniter.php(935): App\Controllers\Information->landing()
#7 /Applications/MAMP/htdocs/bobil-web-v1/vendor/codeigniter4/framework/system/CodeIgniter.php(431): CodeIgniter\CodeIgniter->runController(Object(App\Controllers\Information))
#8 /Applications/MAMP/htdocs/bobil-web-v1/vendor/codeigniter4/framework/system/CodeIgniter.php(332): CodeIgniter\CodeIgniter->handleRequest(NULL, Object(Config\Cache), false)
#9 /Applications/MAMP/htdocs/bobil-web-v1/public/index.php(44): CodeIgniter\CodeIgniter->run()
#10 /Applications/MAMP/htdocs/bobil-web-v1/vendor/codeigniter4/framework/system/Commands/Server/rewrite.php(45): require_once('/Applications/M...')
#11 {main}
CRITICAL - 2022-02-12 22:02:44 --> Undefined index: json.image1
#0 /Applications/MAMP/htdocs/bobil-web-v1/app/Views/admin/information/landing.php(12): CodeIgniter\Debug\Exceptions->errorHandler(8, 'Undefined index...', '/Applications/M...', 12, Array)
#1 /Applications/MAMP/htdocs/bobil-web-v1/vendor/codeigniter4/framework/system/View/View.php(220): include('/Applications/M...')
#2 /Applications/MAMP/htdocs/bobil-web-v1/vendor/codeigniter4/framework/system/View/View.php(222): CodeIgniter\View\View->CodeIgniter\View\{closure}()
#3 /Applications/MAMP/htdocs/bobil-web-v1/vendor/codeigniter4/framework/system/Common.php(1217): CodeIgniter\View\View->render('admin/informati...', Array, true)
#4 /Applications/MAMP/htdocs/bobil-web-v1/app/Controllers/Information.php(170): view('admin/informati...', Array)
#5 /Applications/MAMP/htdocs/bobil-web-v1/app/Controllers/Information.php(47): App\Controllers\Information->render('admin/informati...', Array)
#6 /Applications/MAMP/htdocs/bobil-web-v1/vendor/codeigniter4/framework/system/CodeIgniter.php(935): App\Controllers\Information->landing()
#7 /Applications/MAMP/htdocs/bobil-web-v1/vendor/codeigniter4/framework/system/CodeIgniter.php(431): CodeIgniter\CodeIgniter->runController(Object(App\Controllers\Information))
#8 /Applications/MAMP/htdocs/bobil-web-v1/vendor/codeigniter4/framework/system/CodeIgniter.php(332): CodeIgniter\CodeIgniter->handleRequest(NULL, Object(Config\Cache), false)
#9 /Applications/MAMP/htdocs/bobil-web-v1/public/index.php(44): CodeIgniter\CodeIgniter->run()
#10 /Applications/MAMP/htdocs/bobil-web-v1/vendor/codeigniter4/framework/system/Commands/Server/rewrite.php(45): require_once('/Applications/M...')
#11 {main}
CRITICAL - 2022-02-12 22:02:54 --> Trying to get property 'image1' of non-object
#0 /Applications/MAMP/htdocs/bobil-web-v1/app/Views/admin/information/landing.php(12): CodeIgniter\Debug\Exceptions->errorHandler(8, 'Trying to get p...', '/Applications/M...', 12, Array)
#1 /Applications/MAMP/htdocs/bobil-web-v1/vendor/codeigniter4/framework/system/View/View.php(220): include('/Applications/M...')
#2 /Applications/MAMP/htdocs/bobil-web-v1/vendor/codeigniter4/framework/system/View/View.php(222): CodeIgniter\View\View->CodeIgniter\View\{closure}()
#3 /Applications/MAMP/htdocs/bobil-web-v1/vendor/codeigniter4/framework/system/Common.php(1217): CodeIgniter\View\View->render('admin/informati...', Array, true)
#4 /Applications/MAMP/htdocs/bobil-web-v1/app/Controllers/Information.php(170): view('admin/informati...', Array)
#5 /Applications/MAMP/htdocs/bobil-web-v1/app/Controllers/Information.php(47): App\Controllers\Information->render('admin/informati...', Array)
#6 /Applications/MAMP/htdocs/bobil-web-v1/vendor/codeigniter4/framework/system/CodeIgniter.php(935): App\Controllers\Information->landing()
#7 /Applications/MAMP/htdocs/bobil-web-v1/vendor/codeigniter4/framework/system/CodeIgniter.php(431): CodeIgniter\CodeIgniter->runController(Object(App\Controllers\Information))
#8 /Applications/MAMP/htdocs/bobil-web-v1/vendor/codeigniter4/framework/system/CodeIgniter.php(332): CodeIgniter\CodeIgniter->handleRequest(NULL, Object(Config\Cache), false)
#9 /Applications/MAMP/htdocs/bobil-web-v1/public/index.php(44): CodeIgniter\CodeIgniter->run()
#10 /Applications/MAMP/htdocs/bobil-web-v1/vendor/codeigniter4/framework/system/Commands/Server/rewrite.php(45): require_once('/Applications/M...')
#11 {main}
CRITICAL - 2022-02-12 22:03:10 --> Object of class stdClass could not be converted to string
#0 /Applications/MAMP/htdocs/bobil-web-v1/vendor/codeigniter4/framework/system/View/View.php(220): include()
#1 /Applications/MAMP/htdocs/bobil-web-v1/vendor/codeigniter4/framework/system/View/View.php(222): CodeIgniter\View\View->CodeIgniter\View\{closure}()
#2 /Applications/MAMP/htdocs/bobil-web-v1/vendor/codeigniter4/framework/system/Common.php(1217): CodeIgniter\View\View->render('admin/informati...', Array, true)
#3 /Applications/MAMP/htdocs/bobil-web-v1/app/Controllers/Information.php(170): view('admin/informati...', Array)
#4 /Applications/MAMP/htdocs/bobil-web-v1/app/Controllers/Information.php(47): App\Controllers\Information->render('admin/informati...', Array)
#5 /Applications/MAMP/htdocs/bobil-web-v1/vendor/codeigniter4/framework/system/CodeIgniter.php(935): App\Controllers\Information->landing()
#6 /Applications/MAMP/htdocs/bobil-web-v1/vendor/codeigniter4/framework/system/CodeIgniter.php(431): CodeIgniter\CodeIgniter->runController(Object(App\Controllers\Information))
#7 /Applications/MAMP/htdocs/bobil-web-v1/vendor/codeigniter4/framework/system/CodeIgniter.php(332): CodeIgniter\CodeIgniter->handleRequest(NULL, Object(Config\Cache), false)
#8 /Applications/MAMP/htdocs/bobil-web-v1/public/index.php(44): CodeIgniter\CodeIgniter->run()
#9 /Applications/MAMP/htdocs/bobil-web-v1/vendor/codeigniter4/framework/system/Commands/Server/rewrite.php(45): require_once('/Applications/M...')
#10 {main}
CRITICAL - 2022-02-12 22:03:32 --> Use of undefined constant image1 - assumed 'image1' (this will throw an Error in a future version of PHP)
#0 /Applications/MAMP/htdocs/bobil-web-v1/app/Views/admin/information/landing.php(12): CodeIgniter\Debug\Exceptions->errorHandler(2, 'Use of undefine...', '/Applications/M...', 12, Array)
#1 /Applications/MAMP/htdocs/bobil-web-v1/vendor/codeigniter4/framework/system/View/View.php(220): include('/Applications/M...')
#2 /Applications/MAMP/htdocs/bobil-web-v1/vendor/codeigniter4/framework/system/View/View.php(222): CodeIgniter\View\View->CodeIgniter\View\{closure}()
#3 /Applications/MAMP/htdocs/bobil-web-v1/vendor/codeigniter4/framework/system/Common.php(1217): CodeIgniter\View\View->render('admin/informati...', Array, true)
#4 /Applications/MAMP/htdocs/bobil-web-v1/app/Controllers/Information.php(170): view('admin/informati...', Array)
#5 /Applications/MAMP/htdocs/bobil-web-v1/app/Controllers/Information.php(47): App\Controllers\Information->render('admin/informati...', Array)
#6 /Applications/MAMP/htdocs/bobil-web-v1/vendor/codeigniter4/framework/system/CodeIgniter.php(935): App\Controllers\Information->landing()
#7 /Applications/MAMP/htdocs/bobil-web-v1/vendor/codeigniter4/framework/system/CodeIgniter.php(431): CodeIgniter\CodeIgniter->runController(Object(App\Controllers\Information))
#8 /Applications/MAMP/htdocs/bobil-web-v1/vendor/codeigniter4/framework/system/CodeIgniter.php(332): CodeIgniter\CodeIgniter->handleRequest(NULL, Object(Config\Cache), false)
#9 /Applications/MAMP/htdocs/bobil-web-v1/public/index.php(44): CodeIgniter\CodeIgniter->run()
#10 /Applications/MAMP/htdocs/bobil-web-v1/vendor/codeigniter4/framework/system/Commands/Server/rewrite.php(45): require_once('/Applications/M...')
#11 {main}
CRITICAL - 2022-02-12 22:03:38 --> Use of undefined constant image1 - assumed 'image1' (this will throw an Error in a future version of PHP)
#0 /Applications/MAMP/htdocs/bobil-web-v1/app/Views/admin/information/landing.php(12): CodeIgniter\Debug\Exceptions->errorHandler(2, 'Use of undefine...', '/Applications/M...', 12, Array)
#1 /Applications/MAMP/htdocs/bobil-web-v1/vendor/codeigniter4/framework/system/View/View.php(220): include('/Applications/M...')
#2 /Applications/MAMP/htdocs/bobil-web-v1/vendor/codeigniter4/framework/system/View/View.php(222): CodeIgniter\View\View->CodeIgniter\View\{closure}()
#3 /Applications/MAMP/htdocs/bobil-web-v1/vendor/codeigniter4/framework/system/Common.php(1217): CodeIgniter\View\View->render('admin/informati...', Array, true)
#4 /Applications/MAMP/htdocs/bobil-web-v1/app/Controllers/Information.php(170): view('admin/informati...', Array)
#5 /Applications/MAMP/htdocs/bobil-web-v1/app/Controllers/Information.php(47): App\Controllers\Information->render('admin/informati...', Array)
#6 /Applications/MAMP/htdocs/bobil-web-v1/vendor/codeigniter4/framework/system/CodeIgniter.php(935): App\Controllers\Information->landing()
#7 /Applications/MAMP/htdocs/bobil-web-v1/vendor/codeigniter4/framework/system/CodeIgniter.php(431): CodeIgniter\CodeIgniter->runController(Object(App\Controllers\Information))
#8 /Applications/MAMP/htdocs/bobil-web-v1/vendor/codeigniter4/framework/system/CodeIgniter.php(332): CodeIgniter\CodeIgniter->handleRequest(NULL, Object(Config\Cache), false)
#9 /Applications/MAMP/htdocs/bobil-web-v1/public/index.php(44): CodeIgniter\CodeIgniter->run()
#10 /Applications/MAMP/htdocs/bobil-web-v1/vendor/codeigniter4/framework/system/Commands/Server/rewrite.php(45): require_once('/Applications/M...')
#11 {main}
CRITICAL - 2022-02-12 22:03:40 --> Use of undefined constant image1 - assumed 'image1' (this will throw an Error in a future version of PHP)
#0 /Applications/MAMP/htdocs/bobil-web-v1/app/Views/admin/information/landing.php(12): CodeIgniter\Debug\Exceptions->errorHandler(2, 'Use of undefine...', '/Applications/M...', 12, Array)
#1 /Applications/MAMP/htdocs/bobil-web-v1/vendor/codeigniter4/framework/system/View/View.php(220): include('/Applications/M...')
#2 /Applications/MAMP/htdocs/bobil-web-v1/vendor/codeigniter4/framework/system/View/View.php(222): CodeIgniter\View\View->CodeIgniter\View\{closure}()
#3 /Applications/MAMP/htdocs/bobil-web-v1/vendor/codeigniter4/framework/system/Common.php(1217): CodeIgniter\View\View->render('admin/informati...', Array, true)
#4 /Applications/MAMP/htdocs/bobil-web-v1/app/Controllers/Information.php(170): view('admin/informati...', Array)
#5 /Applications/MAMP/htdocs/bobil-web-v1/app/Controllers/Information.php(47): App\Controllers\Information->render('admin/informati...', Array)
#6 /Applications/MAMP/htdocs/bobil-web-v1/vendor/codeigniter4/framework/system/CodeIgniter.php(935): App\Controllers\Information->landing()
#7 /Applications/MAMP/htdocs/bobil-web-v1/vendor/codeigniter4/framework/system/CodeIgniter.php(431): CodeIgniter\CodeIgniter->runController(Object(App\Controllers\Information))
#8 /Applications/MAMP/htdocs/bobil-web-v1/vendor/codeigniter4/framework/system/CodeIgniter.php(332): CodeIgniter\CodeIgniter->handleRequest(NULL, Object(Config\Cache), false)
#9 /Applications/MAMP/htdocs/bobil-web-v1/public/index.php(44): CodeIgniter\CodeIgniter->run()
#10 /Applications/MAMP/htdocs/bobil-web-v1/vendor/codeigniter4/framework/system/Commands/Server/rewrite.php(45): require_once('/Applications/M...')
#11 {main}
CRITICAL - 2022-02-12 22:06:51 --> Illegal string offset 'image1'
#0 /Applications/MAMP/htdocs/bobil-web-v1/app/Views/admin/information/landing.php(12): CodeIgniter\Debug\Exceptions->errorHandler(2, 'Illegal string ...', '/Applications/M...', 12, Array)
#1 /Applications/MAMP/htdocs/bobil-web-v1/vendor/codeigniter4/framework/system/View/View.php(220): include('/Applications/M...')
#2 /Applications/MAMP/htdocs/bobil-web-v1/vendor/codeigniter4/framework/system/View/View.php(222): CodeIgniter\View\View->CodeIgniter\View\{closure}()
#3 /Applications/MAMP/htdocs/bobil-web-v1/vendor/codeigniter4/framework/system/Common.php(1217): CodeIgniter\View\View->render('admin/informati...', Array, true)
#4 /Applications/MAMP/htdocs/bobil-web-v1/app/Controllers/Information.php(170): view('admin/informati...', Array)
#5 /Applications/MAMP/htdocs/bobil-web-v1/app/Controllers/Information.php(47): App\Controllers\Information->render('admin/informati...', Array)
#6 /Applications/MAMP/htdocs/bobil-web-v1/vendor/codeigniter4/framework/system/CodeIgniter.php(935): App\Controllers\Information->landing()
#7 /Applications/MAMP/htdocs/bobil-web-v1/vendor/codeigniter4/framework/system/CodeIgniter.php(431): CodeIgniter\CodeIgniter->runController(Object(App\Controllers\Information))
#8 /Applications/MAMP/htdocs/bobil-web-v1/vendor/codeigniter4/framework/system/CodeIgniter.php(332): CodeIgniter\CodeIgniter->handleRequest(NULL, Object(Config\Cache), false)
#9 /Applications/MAMP/htdocs/bobil-web-v1/public/index.php(44): CodeIgniter\CodeIgniter->run()
#10 /Applications/MAMP/htdocs/bobil-web-v1/vendor/codeigniter4/framework/system/Commands/Server/rewrite.php(45): require_once('/Applications/M...')
#11 {main}
CRITICAL - 2022-02-12 22:07:08 --> Undefined index: json.image1
#0 /Applications/MAMP/htdocs/bobil-web-v1/app/Views/admin/information/landing.php(12): CodeIgniter\Debug\Exceptions->errorHandler(8, 'Undefined index...', '/Applications/M...', 12, Array)
#1 /Applications/MAMP/htdocs/bobil-web-v1/vendor/codeigniter4/framework/system/View/View.php(220): include('/Applications/M...')
#2 /Applications/MAMP/htdocs/bobil-web-v1/vendor/codeigniter4/framework/system/View/View.php(222): CodeIgniter\View\View->CodeIgniter\View\{closure}()
#3 /Applications/MAMP/htdocs/bobil-web-v1/vendor/codeigniter4/framework/system/Common.php(1217): CodeIgniter\View\View->render('admin/informati...', Array, true)
#4 /Applications/MAMP/htdocs/bobil-web-v1/app/Controllers/Information.php(170): view('admin/informati...', Array)
#5 /Applications/MAMP/htdocs/bobil-web-v1/app/Controllers/Information.php(47): App\Controllers\Information->render('admin/informati...', Array)
#6 /Applications/MAMP/htdocs/bobil-web-v1/vendor/codeigniter4/framework/system/CodeIgniter.php(935): App\Controllers\Information->landing()
#7 /Applications/MAMP/htdocs/bobil-web-v1/vendor/codeigniter4/framework/system/CodeIgniter.php(431): CodeIgniter\CodeIgniter->runController(Object(App\Controllers\Information))
#8 /Applications/MAMP/htdocs/bobil-web-v1/vendor/codeigniter4/framework/system/CodeIgniter.php(332): CodeIgniter\CodeIgniter->handleRequest(NULL, Object(Config\Cache), false)
#9 /Applications/MAMP/htdocs/bobil-web-v1/public/index.php(44): CodeIgniter\CodeIgniter->run()
#10 /Applications/MAMP/htdocs/bobil-web-v1/vendor/codeigniter4/framework/system/Commands/Server/rewrite.php(45): require_once('/Applications/M...')
#11 {main}
CRITICAL - 2022-02-12 22:08:55 --> Trying to get property 'image1' of non-object
#0 /Applications/MAMP/htdocs/bobil-web-v1/app/Views/admin/information/landing.php(12): CodeIgniter\Debug\Exceptions->errorHandler(8, 'Trying to get p...', '/Applications/M...', 12, Array)
#1 /Applications/MAMP/htdocs/bobil-web-v1/vendor/codeigniter4/framework/system/View/View.php(220): include('/Applications/M...')
#2 /Applications/MAMP/htdocs/bobil-web-v1/vendor/codeigniter4/framework/system/View/View.php(222): CodeIgniter\View\View->CodeIgniter\View\{closure}()
#3 /Applications/MAMP/htdocs/bobil-web-v1/vendor/codeigniter4/framework/system/Common.php(1217): CodeIgniter\View\View->render('admin/informati...', Array, true)
#4 /Applications/MAMP/htdocs/bobil-web-v1/app/Controllers/Information.php(170): view('admin/informati...', Array)
#5 /Applications/MAMP/htdocs/bobil-web-v1/app/Controllers/Information.php(47): App\Controllers\Information->render('admin/informati...', Array)
#6 /Applications/MAMP/htdocs/bobil-web-v1/vendor/codeigniter4/framework/system/CodeIgniter.php(935): App\Controllers\Information->landing()
#7 /Applications/MAMP/htdocs/bobil-web-v1/vendor/codeigniter4/framework/system/CodeIgniter.php(431): CodeIgniter\CodeIgniter->runController(Object(App\Controllers\Information))
#8 /Applications/MAMP/htdocs/bobil-web-v1/vendor/codeigniter4/framework/system/CodeIgniter.php(332): CodeIgniter\CodeIgniter->handleRequest(NULL, Object(Config\Cache), false)
#9 /Applications/MAMP/htdocs/bobil-web-v1/public/index.php(44): CodeIgniter\CodeIgniter->run()
#10 /Applications/MAMP/htdocs/bobil-web-v1/vendor/codeigniter4/framework/system/Commands/Server/rewrite.php(45): require_once('/Applications/M...')
#11 {main}
CRITICAL - 2022-02-12 22:09:38 --> Object of class stdClass could not be converted to string
#0 /Applications/MAMP/htdocs/bobil-web-v1/vendor/codeigniter4/framework/system/View/View.php(220): include()
#1 /Applications/MAMP/htdocs/bobil-web-v1/vendor/codeigniter4/framework/system/View/View.php(222): CodeIgniter\View\View->CodeIgniter\View\{closure}()
#2 /Applications/MAMP/htdocs/bobil-web-v1/vendor/codeigniter4/framework/system/Common.php(1217): CodeIgniter\View\View->render('admin/informati...', Array, true)
#3 /Applications/MAMP/htdocs/bobil-web-v1/app/Controllers/Information.php(170): view('admin/informati...', Array)
#4 /Applications/MAMP/htdocs/bobil-web-v1/app/Controllers/Information.php(47): App\Controllers\Information->render('admin/informati...', Array)
#5 /Applications/MAMP/htdocs/bobil-web-v1/vendor/codeigniter4/framework/system/CodeIgniter.php(935): App\Controllers\Information->landing()
#6 /Applications/MAMP/htdocs/bobil-web-v1/vendor/codeigniter4/framework/system/CodeIgniter.php(431): CodeIgniter\CodeIgniter->runController(Object(App\Controllers\Information))
#7 /Applications/MAMP/htdocs/bobil-web-v1/vendor/codeigniter4/framework/system/CodeIgniter.php(332): CodeIgniter\CodeIgniter->handleRequest(NULL, Object(Config\Cache), false)
#8 /Applications/MAMP/htdocs/bobil-web-v1/public/index.php(44): CodeIgniter\CodeIgniter->run()
#9 /Applications/MAMP/htdocs/bobil-web-v1/vendor/codeigniter4/framework/system/Commands/Server/rewrite.php(45): require_once('/Applications/M...')
#10 {main}
CRITICAL - 2022-02-12 22:10:09 --> Call to undefined function json__encode()
#0 /Applications/MAMP/htdocs/bobil-web-v1/vendor/codeigniter4/framework/system/View/View.php(220): include()
#1 /Applications/MAMP/htdocs/bobil-web-v1/vendor/codeigniter4/framework/system/View/View.php(222): CodeIgniter\View\View->CodeIgniter\View\{closure}()
#2 /Applications/MAMP/htdocs/bobil-web-v1/vendor/codeigniter4/framework/system/Common.php(1217): CodeIgniter\View\View->render('admin/informati...', Array, true)
#3 /Applications/MAMP/htdocs/bobil-web-v1/app/Controllers/Information.php(170): view('admin/informati...', Array)
#4 /Applications/MAMP/htdocs/bobil-web-v1/app/Controllers/Information.php(47): App\Controllers\Information->render('admin/informati...', Array)
#5 /Applications/MAMP/htdocs/bobil-web-v1/vendor/codeigniter4/framework/system/CodeIgniter.php(935): App\Controllers\Information->landing()
#6 /Applications/MAMP/htdocs/bobil-web-v1/vendor/codeigniter4/framework/system/CodeIgniter.php(431): CodeIgniter\CodeIgniter->runController(Object(App\Controllers\Information))
#7 /Applications/MAMP/htdocs/bobil-web-v1/vendor/codeigniter4/framework/system/CodeIgniter.php(332): CodeIgniter\CodeIgniter->handleRequest(NULL, Object(Config\Cache), false)
#8 /Applications/MAMP/htdocs/bobil-web-v1/public/index.php(44): CodeIgniter\CodeIgniter->run()
#9 /Applications/MAMP/htdocs/bobil-web-v1/vendor/codeigniter4/framework/system/Commands/Server/rewrite.php(45): require_once('/Applications/M...')
#10 {main}
CRITICAL - 2022-02-12 22:10:27 --> Trying to get property 'image1' of non-object
#0 /Applications/MAMP/htdocs/bobil-web-v1/app/Views/admin/information/landing.php(12): CodeIgniter\Debug\Exceptions->errorHandler(8, 'Trying to get p...', '/Applications/M...', 12, Array)
#1 /Applications/MAMP/htdocs/bobil-web-v1/vendor/codeigniter4/framework/system/View/View.php(220): include('/Applications/M...')
#2 /Applications/MAMP/htdocs/bobil-web-v1/vendor/codeigniter4/framework/system/View/View.php(222): CodeIgniter\View\View->CodeIgniter\View\{closure}()
#3 /Applications/MAMP/htdocs/bobil-web-v1/vendor/codeigniter4/framework/system/Common.php(1217): CodeIgniter\View\View->render('admin/informati...', Array, true)
#4 /Applications/MAMP/htdocs/bobil-web-v1/app/Controllers/Information.php(170): view('admin/informati...', Array)
#5 /Applications/MAMP/htdocs/bobil-web-v1/app/Controllers/Information.php(47): App\Controllers\Information->render('admin/informati...', Array)
#6 /Applications/MAMP/htdocs/bobil-web-v1/vendor/codeigniter4/framework/system/CodeIgniter.php(935): App\Controllers\Information->landing()
#7 /Applications/MAMP/htdocs/bobil-web-v1/vendor/codeigniter4/framework/system/CodeIgniter.php(431): CodeIgniter\CodeIgniter->runController(Object(App\Controllers\Information))
#8 /Applications/MAMP/htdocs/bobil-web-v1/vendor/codeigniter4/framework/system/CodeIgniter.php(332): CodeIgniter\CodeIgniter->handleRequest(NULL, Object(Config\Cache), false)
#9 /Applications/MAMP/htdocs/bobil-web-v1/public/index.php(44): CodeIgniter\CodeIgniter->run()
#10 /Applications/MAMP/htdocs/bobil-web-v1/vendor/codeigniter4/framework/system/Commands/Server/rewrite.php(45): require_once('/Applications/M...')
#11 {main}
CRITICAL - 2022-02-12 22:10:43 --> Trying to get property 'image1' of non-object
#0 /Applications/MAMP/htdocs/bobil-web-v1/app/Views/admin/information/landing.php(12): CodeIgniter\Debug\Exceptions->errorHandler(8, 'Trying to get p...', '/Applications/M...', 12, Array)
#1 /Applications/MAMP/htdocs/bobil-web-v1/vendor/codeigniter4/framework/system/View/View.php(220): include('/Applications/M...')
#2 /Applications/MAMP/htdocs/bobil-web-v1/vendor/codeigniter4/framework/system/View/View.php(222): CodeIgniter\View\View->CodeIgniter\View\{closure}()
#3 /Applications/MAMP/htdocs/bobil-web-v1/vendor/codeigniter4/framework/system/Common.php(1217): CodeIgniter\View\View->render('admin/informati...', Array, true)
#4 /Applications/MAMP/htdocs/bobil-web-v1/app/Controllers/Information.php(170): view('admin/informati...', Array)
#5 /Applications/MAMP/htdocs/bobil-web-v1/app/Controllers/Information.php(47): App\Controllers\Information->render('admin/informati...', Array)
#6 /Applications/MAMP/htdocs/bobil-web-v1/vendor/codeigniter4/framework/system/CodeIgniter.php(935): App\Controllers\Information->landing()
#7 /Applications/MAMP/htdocs/bobil-web-v1/vendor/codeigniter4/framework/system/CodeIgniter.php(431): CodeIgniter\CodeIgniter->runController(Object(App\Controllers\Information))
#8 /Applications/MAMP/htdocs/bobil-web-v1/vendor/codeigniter4/framework/system/CodeIgniter.php(332): CodeIgniter\CodeIgniter->handleRequest(NULL, Object(Config\Cache), false)
#9 /Applications/MAMP/htdocs/bobil-web-v1/public/index.php(44): CodeIgniter\CodeIgniter->run()
#10 /Applications/MAMP/htdocs/bobil-web-v1/vendor/codeigniter4/framework/system/Commands/Server/rewrite.php(45): require_once('/Applications/M...')
#11 {main}
CRITICAL - 2022-02-12 22:10:47 --> Illegal string offset 'image1'
#0 /Applications/MAMP/htdocs/bobil-web-v1/app/Views/admin/information/landing.php(12): CodeIgniter\Debug\Exceptions->errorHandler(2, 'Illegal string ...', '/Applications/M...', 12, Array)
#1 /Applications/MAMP/htdocs/bobil-web-v1/vendor/codeigniter4/framework/system/View/View.php(220): include('/Applications/M...')
#2 /Applications/MAMP/htdocs/bobil-web-v1/vendor/codeigniter4/framework/system/View/View.php(222): CodeIgniter\View\View->CodeIgniter\View\{closure}()
#3 /Applications/MAMP/htdocs/bobil-web-v1/vendor/codeigniter4/framework/system/Common.php(1217): CodeIgniter\View\View->render('admin/informati...', Array, true)
#4 /Applications/MAMP/htdocs/bobil-web-v1/app/Controllers/Information.php(170): view('admin/informati...', Array)
#5 /Applications/MAMP/htdocs/bobil-web-v1/app/Controllers/Information.php(47): App\Controllers\Information->render('admin/informati...', Array)
#6 /Applications/MAMP/htdocs/bobil-web-v1/vendor/codeigniter4/framework/system/CodeIgniter.php(935): App\Controllers\Information->landing()
#7 /Applications/MAMP/htdocs/bobil-web-v1/vendor/codeigniter4/framework/system/CodeIgniter.php(431): CodeIgniter\CodeIgniter->runController(Object(App\Controllers\Information))
#8 /Applications/MAMP/htdocs/bobil-web-v1/vendor/codeigniter4/framework/system/CodeIgniter.php(332): CodeIgniter\CodeIgniter->handleRequest(NULL, Object(Config\Cache), false)
#9 /Applications/MAMP/htdocs/bobil-web-v1/public/index.php(44): CodeIgniter\CodeIgniter->run()
#10 /Applications/MAMP/htdocs/bobil-web-v1/vendor/codeigniter4/framework/system/Commands/Server/rewrite.php(45): require_once('/Applications/M...')
#11 {main}
CRITICAL - 2022-02-12 22:11:43 --> Array to string conversion
#0 /Applications/MAMP/htdocs/bobil-web-v1/app/Views/admin/information/landing.php(12): CodeIgniter\Debug\Exceptions->errorHandler(8, 'Array to string...', '/Applications/M...', 12, Array)
#1 /Applications/MAMP/htdocs/bobil-web-v1/vendor/codeigniter4/framework/system/View/View.php(220): include('/Applications/M...')
#2 /Applications/MAMP/htdocs/bobil-web-v1/vendor/codeigniter4/framework/system/View/View.php(222): CodeIgniter\View\View->CodeIgniter\View\{closure}()
#3 /Applications/MAMP/htdocs/bobil-web-v1/vendor/codeigniter4/framework/system/Common.php(1217): CodeIgniter\View\View->render('admin/informati...', Array, true)
#4 /Applications/MAMP/htdocs/bobil-web-v1/app/Controllers/Information.php(170): view('admin/informati...', Array)
#5 /Applications/MAMP/htdocs/bobil-web-v1/app/Controllers/Information.php(47): App\Controllers\Information->render('admin/informati...', Array)
#6 /Applications/MAMP/htdocs/bobil-web-v1/vendor/codeigniter4/framework/system/CodeIgniter.php(935): App\Controllers\Information->landing()
#7 /Applications/MAMP/htdocs/bobil-web-v1/vendor/codeigniter4/framework/system/CodeIgniter.php(431): CodeIgniter\CodeIgniter->runController(Object(App\Controllers\Information))
#8 /Applications/MAMP/htdocs/bobil-web-v1/vendor/codeigniter4/framework/system/CodeIgniter.php(332): CodeIgniter\CodeIgniter->handleRequest(NULL, Object(Config\Cache), false)
#9 /Applications/MAMP/htdocs/bobil-web-v1/public/index.php(44): CodeIgniter\CodeIgniter->run()
#10 /Applications/MAMP/htdocs/bobil-web-v1/vendor/codeigniter4/framework/system/Commands/Server/rewrite.php(45): require_once('/Applications/M...')
#11 {main}
CRITICAL - 2022-02-12 22:11:57 --> Array to string conversion
#0 /Applications/MAMP/htdocs/bobil-web-v1/app/Views/admin/information/landing.php(12): CodeIgniter\Debug\Exceptions->errorHandler(8, 'Array to string...', '/Applications/M...', 12, Array)
#1 /Applications/MAMP/htdocs/bobil-web-v1/vendor/codeigniter4/framework/system/View/View.php(220): include('/Applications/M...')
#2 /Applications/MAMP/htdocs/bobil-web-v1/vendor/codeigniter4/framework/system/View/View.php(222): CodeIgniter\View\View->CodeIgniter\View\{closure}()
#3 /Applications/MAMP/htdocs/bobil-web-v1/vendor/codeigniter4/framework/system/Common.php(1217): CodeIgniter\View\View->render('admin/informati...', Array, true)
#4 /Applications/MAMP/htdocs/bobil-web-v1/app/Controllers/Information.php(170): view('admin/informati...', Array)
#5 /Applications/MAMP/htdocs/bobil-web-v1/app/Controllers/Information.php(47): App\Controllers\Information->render('admin/informati...', Array)
#6 /Applications/MAMP/htdocs/bobil-web-v1/vendor/codeigniter4/framework/system/CodeIgniter.php(935): App\Controllers\Information->landing()
#7 /Applications/MAMP/htdocs/bobil-web-v1/vendor/codeigniter4/framework/system/CodeIgniter.php(431): CodeIgniter\CodeIgniter->runController(Object(App\Controllers\Information))
#8 /Applications/MAMP/htdocs/bobil-web-v1/vendor/codeigniter4/framework/system/CodeIgniter.php(332): CodeIgniter\CodeIgniter->handleRequest(NULL, Object(Config\Cache), false)
#9 /Applications/MAMP/htdocs/bobil-web-v1/public/index.php(44): CodeIgniter\CodeIgniter->run()
#10 /Applications/MAMP/htdocs/bobil-web-v1/vendor/codeigniter4/framework/system/Commands/Server/rewrite.php(45): require_once('/Applications/M...')
#11 {main}
CRITICAL - 2022-02-12 22:12:19 --> Object of class stdClass could not be converted to string
#0 /Applications/MAMP/htdocs/bobil-web-v1/vendor/codeigniter4/framework/system/View/View.php(220): include()
#1 /Applications/MAMP/htdocs/bobil-web-v1/vendor/codeigniter4/framework/system/View/View.php(222): CodeIgniter\View\View->CodeIgniter\View\{closure}()
#2 /Applications/MAMP/htdocs/bobil-web-v1/vendor/codeigniter4/framework/system/Common.php(1217): CodeIgniter\View\View->render('admin/informati...', Array, true)
#3 /Applications/MAMP/htdocs/bobil-web-v1/app/Controllers/Information.php(170): view('admin/informati...', Array)
#4 /Applications/MAMP/htdocs/bobil-web-v1/app/Controllers/Information.php(47): App\Controllers\Information->render('admin/informati...', Array)
#5 /Applications/MAMP/htdocs/bobil-web-v1/vendor/codeigniter4/framework/system/CodeIgniter.php(935): App\Controllers\Information->landing()
#6 /Applications/MAMP/htdocs/bobil-web-v1/vendor/codeigniter4/framework/system/CodeIgniter.php(431): CodeIgniter\CodeIgniter->runController(Object(App\Controllers\Information))
#7 /Applications/MAMP/htdocs/bobil-web-v1/vendor/codeigniter4/framework/system/CodeIgniter.php(332): CodeIgniter\CodeIgniter->handleRequest(NULL, Object(Config\Cache), false)
#8 /Applications/MAMP/htdocs/bobil-web-v1/public/index.php(44): CodeIgniter\CodeIgniter->run()
#9 /Applications/MAMP/htdocs/bobil-web-v1/vendor/codeigniter4/framework/system/Commands/Server/rewrite.php(45): require_once('/Applications/M...')
#10 {main}
CRITICAL - 2022-02-12 22:23:55 --> unlink(upload/landing1644724845_07551ab9b5c085b1c517.jpeg): No such file or directory
#0 [internal function]: CodeIgniter\Debug\Exceptions->errorHandler(2, 'unlink(upload/l...', '/Applications/M...', 129, Array)
#1 /Applications/MAMP/htdocs/bobil-web-v1/app/Controllers/Information.php(129): unlink('upload/landing1...')
#2 /Applications/MAMP/htdocs/bobil-web-v1/vendor/codeigniter4/framework/system/CodeIgniter.php(935): App\Controllers\Information->saveLanding()
#3 /Applications/MAMP/htdocs/bobil-web-v1/vendor/codeigniter4/framework/system/CodeIgniter.php(431): CodeIgniter\CodeIgniter->runController(Object(App\Controllers\Information))
#4 /Applications/MAMP/htdocs/bobil-web-v1/vendor/codeigniter4/framework/system/CodeIgniter.php(332): CodeIgniter\CodeIgniter->handleRequest(NULL, Object(Config\Cache), false)
#5 /Applications/MAMP/htdocs/bobil-web-v1/public/index.php(44): CodeIgniter\CodeIgniter->run()
#6 /Applications/MAMP/htdocs/bobil-web-v1/vendor/codeigniter4/framework/system/Commands/Server/rewrite.php(45): require_once('/Applications/M...')
#7 {main}
CRITICAL - 2022-02-12 22:38:07 --> Trying to get property 'video' of non-object
#0 /Applications/MAMP/htdocs/bobil-web-v1/app/Views/admin/information/welcome.php(12): CodeIgniter\Debug\Exceptions->errorHandler(8, 'Trying to get p...', '/Applications/M...', 12, Array)
#1 /Applications/MAMP/htdocs/bobil-web-v1/vendor/codeigniter4/framework/system/View/View.php(220): include('/Applications/M...')
#2 /Applications/MAMP/htdocs/bobil-web-v1/vendor/codeigniter4/framework/system/View/View.php(222): CodeIgniter\View\View->CodeIgniter\View\{closure}()
#3 /Applications/MAMP/htdocs/bobil-web-v1/vendor/codeigniter4/framework/system/Common.php(1217): CodeIgniter\View\View->render('admin/informati...', Array, true)
#4 /Applications/MAMP/htdocs/bobil-web-v1/app/Controllers/Information.php(229): view('admin/informati...', Array)
#5 /Applications/MAMP/htdocs/bobil-web-v1/app/Controllers/Information.php(39): App\Controllers\Information->render('admin/informati...', Array)
#6 /Applications/MAMP/htdocs/bobil-web-v1/vendor/codeigniter4/framework/system/CodeIgniter.php(935): App\Controllers\Information->welcome()
#7 /Applications/MAMP/htdocs/bobil-web-v1/vendor/codeigniter4/framework/system/CodeIgniter.php(431): CodeIgniter\CodeIgniter->runController(Object(App\Controllers\Information))
#8 /Applications/MAMP/htdocs/bobil-web-v1/vendor/codeigniter4/framework/system/CodeIgniter.php(332): CodeIgniter\CodeIgniter->handleRequest(NULL, Object(Config\Cache), false)
#9 /Applications/MAMP/htdocs/bobil-web-v1/public/index.php(44): CodeIgniter\CodeIgniter->run()
#10 /Applications/MAMP/htdocs/bobil-web-v1/vendor/codeigniter4/framework/system/Commands/Server/rewrite.php(45): require_once('/Applications/M...')
#11 {main}
CRITICAL - 2022-02-12 22:38:15 --> Trying to get property 'video' of non-object
#0 /Applications/MAMP/htdocs/bobil-web-v1/app/Views/admin/information/welcome.php(12): CodeIgniter\Debug\Exceptions->errorHandler(8, 'Trying to get p...', '/Applications/M...', 12, Array)
#1 /Applications/MAMP/htdocs/bobil-web-v1/vendor/codeigniter4/framework/system/View/View.php(220): include('/Applications/M...')
#2 /Applications/MAMP/htdocs/bobil-web-v1/vendor/codeigniter4/framework/system/View/View.php(222): CodeIgniter\View\View->CodeIgniter\View\{closure}()
#3 /Applications/MAMP/htdocs/bobil-web-v1/vendor/codeigniter4/framework/system/Common.php(1217): CodeIgniter\View\View->render('admin/informati...', Array, true)
#4 /Applications/MAMP/htdocs/bobil-web-v1/app/Controllers/Information.php(229): view('admin/informati...', Array)
#5 /Applications/MAMP/htdocs/bobil-web-v1/app/Controllers/Information.php(39): App\Controllers\Information->render('admin/informati...', Array)
#6 /Applications/MAMP/htdocs/bobil-web-v1/vendor/codeigniter4/framework/system/CodeIgniter.php(935): App\Controllers\Information->welcome()
#7 /Applications/MAMP/htdocs/bobil-web-v1/vendor/codeigniter4/framework/system/CodeIgniter.php(431): CodeIgniter\CodeIgniter->runController(Object(App\Controllers\Information))
#8 /Applications/MAMP/htdocs/bobil-web-v1/vendor/codeigniter4/framework/system/CodeIgniter.php(332): CodeIgniter\CodeIgniter->handleRequest(NULL, Object(Config\Cache), false)
#9 /Applications/MAMP/htdocs/bobil-web-v1/public/index.php(44): CodeIgniter\CodeIgniter->run()
#10 /Applications/MAMP/htdocs/bobil-web-v1/vendor/codeigniter4/framework/system/Commands/Server/rewrite.php(45): require_once('/Applications/M...')
#11 {main}
CRITICAL - 2022-02-12 22:38:16 --> Trying to get property 'video' of non-object
#0 /Applications/MAMP/htdocs/bobil-web-v1/app/Views/admin/information/welcome.php(12): CodeIgniter\Debug\Exceptions->errorHandler(8, 'Trying to get p...', '/Applications/M...', 12, Array)
#1 /Applications/MAMP/htdocs/bobil-web-v1/vendor/codeigniter4/framework/system/View/View.php(220): include('/Applications/M...')
#2 /Applications/MAMP/htdocs/bobil-web-v1/vendor/codeigniter4/framework/system/View/View.php(222): CodeIgniter\View\View->CodeIgniter\View\{closure}()
#3 /Applications/MAMP/htdocs/bobil-web-v1/vendor/codeigniter4/framework/system/Common.php(1217): CodeIgniter\View\View->render('admin/informati...', Array, true)
#4 /Applications/MAMP/htdocs/bobil-web-v1/app/Controllers/Information.php(229): view('admin/informati...', Array)
#5 /Applications/MAMP/htdocs/bobil-web-v1/app/Controllers/Information.php(39): App\Controllers\Information->render('admin/informati...', Array)
#6 /Applications/MAMP/htdocs/bobil-web-v1/vendor/codeigniter4/framework/system/CodeIgniter.php(935): App\Controllers\Information->welcome()
#7 /Applications/MAMP/htdocs/bobil-web-v1/vendor/codeigniter4/framework/system/CodeIgniter.php(431): CodeIgniter\CodeIgniter->runController(Object(App\Controllers\Information))
#8 /Applications/MAMP/htdocs/bobil-web-v1/vendor/codeigniter4/framework/system/CodeIgniter.php(332): CodeIgniter\CodeIgniter->handleRequest(NULL, Object(Config\Cache), false)
#9 /Applications/MAMP/htdocs/bobil-web-v1/public/index.php(44): CodeIgniter\CodeIgniter->run()
#10 /Applications/MAMP/htdocs/bobil-web-v1/vendor/codeigniter4/framework/system/Commands/Server/rewrite.php(45): require_once('/Applications/M...')
#11 {main}
CRITICAL - 2022-02-12 22:38:32 --> Trying to get property 'video' of non-object
#0 /Applications/MAMP/htdocs/bobil-web-v1/app/Views/admin/information/welcome.php(12): CodeIgniter\Debug\Exceptions->errorHandler(8, 'Trying to get p...', '/Applications/M...', 12, Array)
#1 /Applications/MAMP/htdocs/bobil-web-v1/vendor/codeigniter4/framework/system/View/View.php(220): include('/Applications/M...')
#2 /Applications/MAMP/htdocs/bobil-web-v1/vendor/codeigniter4/framework/system/View/View.php(222): CodeIgniter\View\View->CodeIgniter\View\{closure}()
#3 /Applications/MAMP/htdocs/bobil-web-v1/vendor/codeigniter4/framework/system/Common.php(1217): CodeIgniter\View\View->render('admin/informati...', Array, true)
#4 /Applications/MAMP/htdocs/bobil-web-v1/app/Controllers/Information.php(229): view('admin/informati...', Array)
#5 /Applications/MAMP/htdocs/bobil-web-v1/app/Controllers/Information.php(39): App\Controllers\Information->render('admin/informati...', Array)
#6 /Applications/MAMP/htdocs/bobil-web-v1/vendor/codeigniter4/framework/system/CodeIgniter.php(935): App\Controllers\Information->welcome()
#7 /Applications/MAMP/htdocs/bobil-web-v1/vendor/codeigniter4/framework/system/CodeIgniter.php(431): CodeIgniter\CodeIgniter->runController(Object(App\Controllers\Information))
#8 /Applications/MAMP/htdocs/bobil-web-v1/vendor/codeigniter4/framework/system/CodeIgniter.php(332): CodeIgniter\CodeIgniter->handleRequest(NULL, Object(Config\Cache), false)
#9 /Applications/MAMP/htdocs/bobil-web-v1/public/index.php(44): CodeIgniter\CodeIgniter->run()
#10 /Applications/MAMP/htdocs/bobil-web-v1/vendor/codeigniter4/framework/system/Commands/Server/rewrite.php(45): require_once('/Applications/M...')
#11 {main}
CRITICAL - 2022-02-12 22:52:59 --> unlink(upload/welcome/): Operation not permitted
#0 [internal function]: CodeIgniter\Debug\Exceptions->errorHandler(2, 'unlink(upload/w...', '/Applications/M...', 124, Array)
#1 /Applications/MAMP/htdocs/bobil-web-v1/app/Controllers/Information.php(124): unlink('upload/welcome/')
#2 /Applications/MAMP/htdocs/bobil-web-v1/vendor/codeigniter4/framework/system/CodeIgniter.php(935): App\Controllers\Information->saveWelcome()
#3 /Applications/MAMP/htdocs/bobil-web-v1/vendor/codeigniter4/framework/system/CodeIgniter.php(431): CodeIgniter\CodeIgniter->runController(Object(App\Controllers\Information))
#4 /Applications/MAMP/htdocs/bobil-web-v1/vendor/codeigniter4/framework/system/CodeIgniter.php(332): CodeIgniter\CodeIgniter->handleRequest(NULL, Object(Config\Cache), false)
#5 /Applications/MAMP/htdocs/bobil-web-v1/public/index.php(44): CodeIgniter\CodeIgniter->run()
#6 /Applications/MAMP/htdocs/bobil-web-v1/vendor/codeigniter4/framework/system/Commands/Server/rewrite.php(45): require_once('/Applications/M...')
#7 {main}
CRITICAL - 2022-02-12 22:53:32 --> unlink(upload/welcome/): Operation not permitted
#0 [internal function]: CodeIgniter\Debug\Exceptions->errorHandler(2, 'unlink(upload/w...', '/Applications/M...', 124, Array)
#1 /Applications/MAMP/htdocs/bobil-web-v1/app/Controllers/Information.php(124): unlink('upload/welcome/')
#2 /Applications/MAMP/htdocs/bobil-web-v1/vendor/codeigniter4/framework/system/CodeIgniter.php(935): App\Controllers\Information->saveWelcome()
#3 /Applications/MAMP/htdocs/bobil-web-v1/vendor/codeigniter4/framework/system/CodeIgniter.php(431): CodeIgniter\CodeIgniter->runController(Object(App\Controllers\Information))
#4 /Applications/MAMP/htdocs/bobil-web-v1/vendor/codeigniter4/framework/system/CodeIgniter.php(332): CodeIgniter\CodeIgniter->handleRequest(NULL, Object(Config\Cache), false)
#5 /Applications/MAMP/htdocs/bobil-web-v1/public/index.php(44): CodeIgniter\CodeIgniter->run()
#6 /Applications/MAMP/htdocs/bobil-web-v1/vendor/codeigniter4/framework/system/Commands/Server/rewrite.php(45): require_once('/Applications/M...')
#7 {main}
CRITICAL - 2022-02-12 23:09:09 --> unlink(upload/landing/): Operation not permitted
#0 [internal function]: CodeIgniter\Debug\Exceptions->errorHandler(2, 'unlink(upload/l...', '/Applications/M...', 162, Array)
#1 /Applications/MAMP/htdocs/bobil-web-v1/app/Controllers/Information.php(162): unlink('upload/landing/')
#2 /Applications/MAMP/htdocs/bobil-web-v1/vendor/codeigniter4/framework/system/CodeIgniter.php(935): App\Controllers\Information->saveAbout()
#3 /Applications/MAMP/htdocs/bobil-web-v1/vendor/codeigniter4/framework/system/CodeIgniter.php(431): CodeIgniter\CodeIgniter->runController(Object(App\Controllers\Information))
#4 /Applications/MAMP/htdocs/bobil-web-v1/vendor/codeigniter4/framework/system/CodeIgniter.php(332): CodeIgniter\CodeIgniter->handleRequest(NULL, Object(Config\Cache), false)
#5 /Applications/MAMP/htdocs/bobil-web-v1/public/index.php(44): CodeIgniter\CodeIgniter->run()
#6 /Applications/MAMP/htdocs/bobil-web-v1/vendor/codeigniter4/framework/system/Commands/Server/rewrite.php(45): require_once('/Applications/M...')
#7 {main}
CRITICAL - 2022-02-12 23:14:33 --> Trying to get property 'bannerSmallCaption' of non-object
#0 /Applications/MAMP/htdocs/bobil-web-v1/app/Controllers/Information.php(144): CodeIgniter\Debug\Exceptions->errorHandler(8, 'Trying to get p...', '/Applications/M...', 144, Array)
#1 /Applications/MAMP/htdocs/bobil-web-v1/vendor/codeigniter4/framework/system/CodeIgniter.php(935): App\Controllers\Information->saveAbout()
#2 /Applications/MAMP/htdocs/bobil-web-v1/vendor/codeigniter4/framework/system/CodeIgniter.php(431): CodeIgniter\CodeIgniter->runController(Object(App\Controllers\Information))
#3 /Applications/MAMP/htdocs/bobil-web-v1/vendor/codeigniter4/framework/system/CodeIgniter.php(332): CodeIgniter\CodeIgniter->handleRequest(NULL, Object(Config\Cache), false)
#4 /Applications/MAMP/htdocs/bobil-web-v1/public/index.php(44): CodeIgniter\CodeIgniter->run()
#5 /Applications/MAMP/htdocs/bobil-web-v1/vendor/codeigniter4/framework/system/Commands/Server/rewrite.php(45): require_once('/Applications/M...')
#6 {main}
CRITICAL - 2022-02-12 23:15:01 --> Cannot use object of type stdClass as array
#0 /Applications/MAMP/htdocs/bobil-web-v1/vendor/codeigniter4/framework/system/View/View.php(220): include()
#1 /Applications/MAMP/htdocs/bobil-web-v1/vendor/codeigniter4/framework/system/View/View.php(222): CodeIgniter\View\View->CodeIgniter\View\{closure}()
#2 /Applications/MAMP/htdocs/bobil-web-v1/vendor/codeigniter4/framework/system/Common.php(1217): CodeIgniter\View\View->render('admin/informati...', Array, true)
#3 /Applications/MAMP/htdocs/bobil-web-v1/app/Controllers/Information.php(270): view('admin/informati...', Array)
#4 /Applications/MAMP/htdocs/bobil-web-v1/app/Controllers/Information.php(70): App\Controllers\Information->render('admin/informati...', Array)
#5 /Applications/MAMP/htdocs/bobil-web-v1/vendor/codeigniter4/framework/system/CodeIgniter.php(935): App\Controllers\Information->about()
#6 /Applications/MAMP/htdocs/bobil-web-v1/vendor/codeigniter4/framework/system/CodeIgniter.php(431): CodeIgniter\CodeIgniter->runController(Object(App\Controllers\Information))
#7 /Applications/MAMP/htdocs/bobil-web-v1/vendor/codeigniter4/framework/system/CodeIgniter.php(332): CodeIgniter\CodeIgniter->handleRequest(NULL, Object(Config\Cache), false)
#8 /Applications/MAMP/htdocs/bobil-web-v1/public/index.php(44): CodeIgniter\CodeIgniter->run()
#9 /Applications/MAMP/htdocs/bobil-web-v1/vendor/codeigniter4/framework/system/Commands/Server/rewrite.php(45): require_once('/Applications/M...')
#10 {main}
CRITICAL - 2022-02-12 23:15:39 --> Cannot use object of type stdClass as array
#0 /Applications/MAMP/htdocs/bobil-web-v1/vendor/codeigniter4/framework/system/View/View.php(220): include()
#1 /Applications/MAMP/htdocs/bobil-web-v1/vendor/codeigniter4/framework/system/View/View.php(222): CodeIgniter\View\View->CodeIgniter\View\{closure}()
#2 /Applications/MAMP/htdocs/bobil-web-v1/vendor/codeigniter4/framework/system/Common.php(1217): CodeIgniter\View\View->render('admin/informati...', Array, true)
#3 /Applications/MAMP/htdocs/bobil-web-v1/app/Controllers/Information.php(270): view('admin/informati...', Array)
#4 /Applications/MAMP/htdocs/bobil-web-v1/app/Controllers/Information.php(70): App\Controllers\Information->render('admin/informati...', Array)
#5 /Applications/MAMP/htdocs/bobil-web-v1/vendor/codeigniter4/framework/system/CodeIgniter.php(935): App\Controllers\Information->about()
#6 /Applications/MAMP/htdocs/bobil-web-v1/vendor/codeigniter4/framework/system/CodeIgniter.php(431): CodeIgniter\CodeIgniter->runController(Object(App\Controllers\Information))
#7 /Applications/MAMP/htdocs/bobil-web-v1/vendor/codeigniter4/framework/system/CodeIgniter.php(332): CodeIgniter\CodeIgniter->handleRequest(NULL, Object(Config\Cache), false)
#8 /Applications/MAMP/htdocs/bobil-web-v1/public/index.php(44): CodeIgniter\CodeIgniter->run()
#9 /Applications/MAMP/htdocs/bobil-web-v1/vendor/codeigniter4/framework/system/Commands/Server/rewrite.php(45): require_once('/Applications/M...')
#10 {main}
CRITICAL - 2022-02-12 23:15:53 --> Cannot use object of type stdClass as array
#0 /Applications/MAMP/htdocs/bobil-web-v1/vendor/codeigniter4/framework/system/View/View.php(220): include()
#1 /Applications/MAMP/htdocs/bobil-web-v1/vendor/codeigniter4/framework/system/View/View.php(222): CodeIgniter\View\View->CodeIgniter\View\{closure}()
#2 /Applications/MAMP/htdocs/bobil-web-v1/vendor/codeigniter4/framework/system/Common.php(1217): CodeIgniter\View\View->render('admin/informati...', Array, true)
#3 /Applications/MAMP/htdocs/bobil-web-v1/app/Controllers/Information.php(270): view('admin/informati...', Array)
#4 /Applications/MAMP/htdocs/bobil-web-v1/app/Controllers/Information.php(70): App\Controllers\Information->render('admin/informati...', Array)
#5 /Applications/MAMP/htdocs/bobil-web-v1/vendor/codeigniter4/framework/system/CodeIgniter.php(935): App\Controllers\Information->about()
#6 /Applications/MAMP/htdocs/bobil-web-v1/vendor/codeigniter4/framework/system/CodeIgniter.php(431): CodeIgniter\CodeIgniter->runController(Object(App\Controllers\Information))
#7 /Applications/MAMP/htdocs/bobil-web-v1/vendor/codeigniter4/framework/system/CodeIgniter.php(332): CodeIgniter\CodeIgniter->handleRequest(NULL, Object(Config\Cache), false)
#8 /Applications/MAMP/htdocs/bobil-web-v1/public/index.php(44): CodeIgniter\CodeIgniter->run()
#9 /Applications/MAMP/htdocs/bobil-web-v1/vendor/codeigniter4/framework/system/Commands/Server/rewrite.php(45): require_once('/Applications/M...')
#10 {main}
CRITICAL - 2022-02-12 23:16:11 --> Cannot use object of type stdClass as array
#0 /Applications/MAMP/htdocs/bobil-web-v1/vendor/codeigniter4/framework/system/View/View.php(220): include()
#1 /Applications/MAMP/htdocs/bobil-web-v1/vendor/codeigniter4/framework/system/View/View.php(222): CodeIgniter\View\View->CodeIgniter\View\{closure}()
#2 /Applications/MAMP/htdocs/bobil-web-v1/vendor/codeigniter4/framework/system/Common.php(1217): CodeIgniter\View\View->render('admin/informati...', Array, true)
#3 /Applications/MAMP/htdocs/bobil-web-v1/app/Controllers/Information.php(270): view('admin/informati...', Array)
#4 /Applications/MAMP/htdocs/bobil-web-v1/app/Controllers/Information.php(70): App\Controllers\Information->render('admin/informati...', Array)
#5 /Applications/MAMP/htdocs/bobil-web-v1/vendor/codeigniter4/framework/system/CodeIgniter.php(935): App\Controllers\Information->about()
#6 /Applications/MAMP/htdocs/bobil-web-v1/vendor/codeigniter4/framework/system/CodeIgniter.php(431): CodeIgniter\CodeIgniter->runController(Object(App\Controllers\Information))
#7 /Applications/MAMP/htdocs/bobil-web-v1/vendor/codeigniter4/framework/system/CodeIgniter.php(332): CodeIgniter\CodeIgniter->handleRequest(NULL, Object(Config\Cache), false)
#8 /Applications/MAMP/htdocs/bobil-web-v1/public/index.php(44): CodeIgniter\CodeIgniter->run()
#9 /Applications/MAMP/htdocs/bobil-web-v1/vendor/codeigniter4/framework/system/Commands/Server/rewrite.php(45): require_once('/Applications/M...')
#10 {main}
CRITICAL - 2022-02-12 23:16:25 --> Cannot use object of type stdClass as array
#0 /Applications/MAMP/htdocs/bobil-web-v1/vendor/codeigniter4/framework/system/View/View.php(220): include()
#1 /Applications/MAMP/htdocs/bobil-web-v1/vendor/codeigniter4/framework/system/View/View.php(222): CodeIgniter\View\View->CodeIgniter\View\{closure}()
#2 /Applications/MAMP/htdocs/bobil-web-v1/vendor/codeigniter4/framework/system/Common.php(1217): CodeIgniter\View\View->render('admin/informati...', Array, true)
#3 /Applications/MAMP/htdocs/bobil-web-v1/app/Controllers/Information.php(270): view('admin/informati...', Array)
#4 /Applications/MAMP/htdocs/bobil-web-v1/app/Controllers/Information.php(70): App\Controllers\Information->render('admin/informati...', Array)
#5 /Applications/MAMP/htdocs/bobil-web-v1/vendor/codeigniter4/framework/system/CodeIgniter.php(935): App\Controllers\Information->about()
#6 /Applications/MAMP/htdocs/bobil-web-v1/vendor/codeigniter4/framework/system/CodeIgniter.php(431): CodeIgniter\CodeIgniter->runController(Object(App\Controllers\Information))
#7 /Applications/MAMP/htdocs/bobil-web-v1/vendor/codeigniter4/framework/system/CodeIgniter.php(332): CodeIgniter\CodeIgniter->handleRequest(NULL, Object(Config\Cache), false)
#8 /Applications/MAMP/htdocs/bobil-web-v1/public/index.php(44): CodeIgniter\CodeIgniter->run()
#9 /Applications/MAMP/htdocs/bobil-web-v1/vendor/codeigniter4/framework/system/Commands/Server/rewrite.php(45): require_once('/Applications/M...')
#10 {main}
CRITICAL - 2022-02-12 23:17:03 --> unlink(upload/landing/1): No such file or directory
#0 [internal function]: CodeIgniter\Debug\Exceptions->errorHandler(2, 'unlink(upload/l...', '/Applications/M...', 163, Array)
#1 /Applications/MAMP/htdocs/bobil-web-v1/app/Controllers/Information.php(163): unlink('upload/landing/...')
#2 /Applications/MAMP/htdocs/bobil-web-v1/vendor/codeigniter4/framework/system/CodeIgniter.php(935): App\Controllers\Information->saveAbout()
#3 /Applications/MAMP/htdocs/bobil-web-v1/vendor/codeigniter4/framework/system/CodeIgniter.php(431): CodeIgniter\CodeIgniter->runController(Object(App\Controllers\Information))
#4 /Applications/MAMP/htdocs/bobil-web-v1/vendor/codeigniter4/framework/system/CodeIgniter.php(332): CodeIgniter\CodeIgniter->handleRequest(NULL, Object(Config\Cache), false)
#5 /Applications/MAMP/htdocs/bobil-web-v1/public/index.php(44): CodeIgniter\CodeIgniter->run()
#6 /Applications/MAMP/htdocs/bobil-web-v1/vendor/codeigniter4/framework/system/Commands/Server/rewrite.php(45): require_once('/Applications/M...')
#7 {main}
CRITICAL - 2022-02-12 23:17:21 --> unlink(upload/landing/1): No such file or directory
#0 [internal function]: CodeIgniter\Debug\Exceptions->errorHandler(2, 'unlink(upload/l...', '/Applications/M...', 163, Array)
#1 /Applications/MAMP/htdocs/bobil-web-v1/app/Controllers/Information.php(163): unlink('upload/landing/...')
#2 /Applications/MAMP/htdocs/bobil-web-v1/vendor/codeigniter4/framework/system/CodeIgniter.php(935): App\Controllers\Information->saveAbout()
#3 /Applications/MAMP/htdocs/bobil-web-v1/vendor/codeigniter4/framework/system/CodeIgniter.php(431): CodeIgniter\CodeIgniter->runController(Object(App\Controllers\Information))
#4 /Applications/MAMP/htdocs/bobil-web-v1/vendor/codeigniter4/framework/system/CodeIgniter.php(332): CodeIgniter\CodeIgniter->handleRequest(NULL, Object(Config\Cache), false)
#5 /Applications/MAMP/htdocs/bobil-web-v1/public/index.php(44): CodeIgniter\CodeIgniter->run()
#6 /Applications/MAMP/htdocs/bobil-web-v1/vendor/codeigniter4/framework/system/Commands/Server/rewrite.php(45): require_once('/Applications/M...')
#7 {main}
CRITICAL - 2022-02-12 23:17:37 --> unlink(upload/about/1): No such file or directory
#0 [internal function]: CodeIgniter\Debug\Exceptions->errorHandler(2, 'unlink(upload/a...', '/Applications/M...', 163, Array)
#1 /Applications/MAMP/htdocs/bobil-web-v1/app/Controllers/Information.php(163): unlink('upload/about/1')
#2 /Applications/MAMP/htdocs/bobil-web-v1/vendor/codeigniter4/framework/system/CodeIgniter.php(935): App\Controllers\Information->saveAbout()
#3 /Applications/MAMP/htdocs/bobil-web-v1/vendor/codeigniter4/framework/system/CodeIgniter.php(431): CodeIgniter\CodeIgniter->runController(Object(App\Controllers\Information))
#4 /Applications/MAMP/htdocs/bobil-web-v1/vendor/codeigniter4/framework/system/CodeIgniter.php(332): CodeIgniter\CodeIgniter->handleRequest(NULL, Object(Config\Cache), false)
#5 /Applications/MAMP/htdocs/bobil-web-v1/public/index.php(44): CodeIgniter\CodeIgniter->run()
#6 /Applications/MAMP/htdocs/bobil-web-v1/vendor/codeigniter4/framework/system/Commands/Server/rewrite.php(45): require_once('/Applications/M...')
#7 {main}
CRITICAL - 2022-02-12 23:38:08 --> Undefined property: stdClass::$visionImage
#0 /Applications/MAMP/htdocs/bobil-web-v1/app/Views/admin/information/about.php(13): CodeIgniter\Debug\Exceptions->errorHandler(8, 'Undefined prope...', '/Applications/M...', 13, Array)
#1 /Applications/MAMP/htdocs/bobil-web-v1/vendor/codeigniter4/framework/system/View/View.php(220): include('/Applications/M...')
#2 /Applications/MAMP/htdocs/bobil-web-v1/vendor/codeigniter4/framework/system/View/View.php(222): CodeIgniter\View\View->CodeIgniter\View\{closure}()
#3 /Applications/MAMP/htdocs/bobil-web-v1/vendor/codeigniter4/framework/system/Common.php(1217): CodeIgniter\View\View->render('admin/informati...', Array, true)
#4 /Applications/MAMP/htdocs/bobil-web-v1/app/Controllers/Information.php(297): view('admin/informati...', Array)
#5 /Applications/MAMP/htdocs/bobil-web-v1/app/Controllers/Information.php(70): App\Controllers\Information->render('admin/informati...', Array)
#6 /Applications/MAMP/htdocs/bobil-web-v1/vendor/codeigniter4/framework/system/CodeIgniter.php(935): App\Controllers\Information->about()
#7 /Applications/MAMP/htdocs/bobil-web-v1/vendor/codeigniter4/framework/system/CodeIgniter.php(431): CodeIgniter\CodeIgniter->runController(Object(App\Controllers\Information))
#8 /Applications/MAMP/htdocs/bobil-web-v1/vendor/codeigniter4/framework/system/CodeIgniter.php(332): CodeIgniter\CodeIgniter->handleRequest(NULL, Object(Config\Cache), false)
#9 /Applications/MAMP/htdocs/bobil-web-v1/public/index.php(44): CodeIgniter\CodeIgniter->run()
#10 /Applications/MAMP/htdocs/bobil-web-v1/vendor/codeigniter4/framework/system/Commands/Server/rewrite.php(45): require_once('/Applications/M...')
#11 {main}
CRITICAL - 2022-02-12 23:41:24 --> unlink(upload/about/): Operation not permitted
#0 [internal function]: CodeIgniter\Debug\Exceptions->errorHandler(2, 'unlink(upload/a...', '/Applications/M...', 177, Array)
#1 /Applications/MAMP/htdocs/bobil-web-v1/app/Controllers/Information.php(177): unlink('upload/about/')
#2 /Applications/MAMP/htdocs/bobil-web-v1/vendor/codeigniter4/framework/system/CodeIgniter.php(935): App\Controllers\Information->saveAbout()
#3 /Applications/MAMP/htdocs/bobil-web-v1/vendor/codeigniter4/framework/system/CodeIgniter.php(431): CodeIgniter\CodeIgniter->runController(Object(App\Controllers\Information))
#4 /Applications/MAMP/htdocs/bobil-web-v1/vendor/codeigniter4/framework/system/CodeIgniter.php(332): CodeIgniter\CodeIgniter->handleRequest(NULL, Object(Config\Cache), false)
#5 /Applications/MAMP/htdocs/bobil-web-v1/public/index.php(44): CodeIgniter\CodeIgniter->run()
#6 /Applications/MAMP/htdocs/bobil-web-v1/vendor/codeigniter4/framework/system/Commands/Server/rewrite.php(45): require_once('/Applications/M...')
#7 {main}
