CRITICAL - 2022-02-17 11:17:03 --> Undefined offset: 0
#0 /Applications/MAMP/htdocs/bobil-web-v1/vendor/codeigniter4/framework/system/HTTP/Files/FileCollection.php(111): CodeIgniter\Debug\Exceptions->errorHandler(8, 'Undefined offse...', '/Applications/M...', 111, Array)
#1 /Applications/MAMP/htdocs/bobil-web-v1/vendor/codeigniter4/framework/system/HTTP/IncomingRequest.php(572): CodeIgniter\HTTP\Files\FileCollection->getFileMultiple('highlight')
#2 /Applications/MAMP/htdocs/bobil-web-v1/app/Controllers/Information.php(144): CodeIgniter\HTTP\IncomingRequest->getFileMultiple('highlight')
#3 /Applications/MAMP/htdocs/bobil-web-v1/vendor/codeigniter4/framework/system/CodeIgniter.php(935): App\Controllers\Information->saveAbout()
#4 /Applications/MAMP/htdocs/bobil-web-v1/vendor/codeigniter4/framework/system/CodeIgniter.php(431): CodeIgniter\CodeIgniter->runController(Object(App\Controllers\Information))
#5 /Applications/MAMP/htdocs/bobil-web-v1/vendor/codeigniter4/framework/system/CodeIgniter.php(332): CodeIgniter\CodeIgniter->handleRequest(NULL, Object(Config\Cache), false)
#6 /Applications/MAMP/htdocs/bobil-web-v1/public/index.php(44): CodeIgniter\CodeIgniter->run()
#7 /Applications/MAMP/htdocs/bobil-web-v1/vendor/codeigniter4/framework/system/Commands/Server/rewrite.php(45): require_once('/Applications/M...')
#8 {main}
CRITICAL - 2022-02-17 11:17:22 --> Undefined offset: 0
#0 /Applications/MAMP/htdocs/bobil-web-v1/vendor/codeigniter4/framework/system/HTTP/Files/FileCollection.php(111): CodeIgniter\Debug\Exceptions->errorHandler(8, 'Undefined offse...', '/Applications/M...', 111, Array)
#1 /Applications/MAMP/htdocs/bobil-web-v1/vendor/codeigniter4/framework/system/HTTP/IncomingRequest.php(572): CodeIgniter\HTTP\Files\FileCollection->getFileMultiple('highlight')
#2 /Applications/MAMP/htdocs/bobil-web-v1/app/Controllers/Information.php(144): CodeIgniter\HTTP\IncomingRequest->getFileMultiple('highlight')
#3 /Applications/MAMP/htdocs/bobil-web-v1/vendor/codeigniter4/framework/system/CodeIgniter.php(935): App\Controllers\Information->saveAbout()
#4 /Applications/MAMP/htdocs/bobil-web-v1/vendor/codeigniter4/framework/system/CodeIgniter.php(431): CodeIgniter\CodeIgniter->runController(Object(App\Controllers\Information))
#5 /Applications/MAMP/htdocs/bobil-web-v1/vendor/codeigniter4/framework/system/CodeIgniter.php(332): CodeIgniter\CodeIgniter->handleRequest(NULL, Object(Config\Cache), false)
#6 /Applications/MAMP/htdocs/bobil-web-v1/public/index.php(44): CodeIgniter\CodeIgniter->run()
#7 /Applications/MAMP/htdocs/bobil-web-v1/vendor/codeigniter4/framework/system/Commands/Server/rewrite.php(45): require_once('/Applications/M...')
#8 {main}
CRITICAL - 2022-02-17 11:17:32 --> Undefined offset: 0
#0 /Applications/MAMP/htdocs/bobil-web-v1/vendor/codeigniter4/framework/system/HTTP/Files/FileCollection.php(111): CodeIgniter\Debug\Exceptions->errorHandler(8, 'Undefined offse...', '/Applications/M...', 111, Array)
#1 /Applications/MAMP/htdocs/bobil-web-v1/vendor/codeigniter4/framework/system/HTTP/IncomingRequest.php(572): CodeIgniter\HTTP\Files\FileCollection->getFileMultiple('highlight')
#2 /Applications/MAMP/htdocs/bobil-web-v1/app/Controllers/Information.php(144): CodeIgniter\HTTP\IncomingRequest->getFileMultiple('highlight')
#3 /Applications/MAMP/htdocs/bobil-web-v1/vendor/codeigniter4/framework/system/CodeIgniter.php(935): App\Controllers\Information->saveAbout()
#4 /Applications/MAMP/htdocs/bobil-web-v1/vendor/codeigniter4/framework/system/CodeIgniter.php(431): CodeIgniter\CodeIgniter->runController(Object(App\Controllers\Information))
#5 /Applications/MAMP/htdocs/bobil-web-v1/vendor/codeigniter4/framework/system/CodeIgniter.php(332): CodeIgniter\CodeIgniter->handleRequest(NULL, Object(Config\Cache), false)
#6 /Applications/MAMP/htdocs/bobil-web-v1/public/index.php(44): CodeIgniter\CodeIgniter->run()
#7 /Applications/MAMP/htdocs/bobil-web-v1/vendor/codeigniter4/framework/system/Commands/Server/rewrite.php(45): require_once('/Applications/M...')
#8 {main}
CRITICAL - 2022-02-17 11:19:41 --> Undefined offset: 0
#0 /Applications/MAMP/htdocs/bobil-web-v1/vendor/codeigniter4/framework/system/HTTP/Files/FileCollection.php(105): CodeIgniter\Debug\Exceptions->errorHandler(8, 'Undefined offse...', '/Applications/M...', 105, Array)
#1 /Applications/MAMP/htdocs/bobil-web-v1/vendor/codeigniter4/framework/system/HTTP/IncomingRequest.php(572): CodeIgniter\HTTP\Files\FileCollection->getFileMultiple('highlight')
#2 /Applications/MAMP/htdocs/bobil-web-v1/app/Controllers/Information.php(144): CodeIgniter\HTTP\IncomingRequest->getFileMultiple('highlight')
#3 /Applications/MAMP/htdocs/bobil-web-v1/vendor/codeigniter4/framework/system/CodeIgniter.php(935): App\Controllers\Information->saveAbout()
#4 /Applications/MAMP/htdocs/bobil-web-v1/vendor/codeigniter4/framework/system/CodeIgniter.php(431): CodeIgniter\CodeIgniter->runController(Object(App\Controllers\Information))
#5 /Applications/MAMP/htdocs/bobil-web-v1/vendor/codeigniter4/framework/system/CodeIgniter.php(332): CodeIgniter\CodeIgniter->handleRequest(NULL, Object(Config\Cache), false)
#6 /Applications/MAMP/htdocs/bobil-web-v1/public/index.php(44): CodeIgniter\CodeIgniter->run()
#7 /Applications/MAMP/htdocs/bobil-web-v1/vendor/codeigniter4/framework/system/Commands/Server/rewrite.php(45): require_once('/Applications/M...')
#8 {main}
CRITICAL - 2022-02-17 11:20:35 --> Undefined offset: 0
#0 /Applications/MAMP/htdocs/bobil-web-v1/vendor/codeigniter4/framework/system/HTTP/Files/FileCollection.php(105): CodeIgniter\Debug\Exceptions->errorHandler(8, 'Undefined offse...', '/Applications/M...', 105, Array)
#1 /Applications/MAMP/htdocs/bobil-web-v1/vendor/codeigniter4/framework/system/HTTP/IncomingRequest.php(572): CodeIgniter\HTTP\Files\FileCollection->getFileMultiple('highlight')
#2 /Applications/MAMP/htdocs/bobil-web-v1/app/Controllers/Information.php(144): CodeIgniter\HTTP\IncomingRequest->getFileMultiple('highlight')
#3 /Applications/MAMP/htdocs/bobil-web-v1/vendor/codeigniter4/framework/system/CodeIgniter.php(935): App\Controllers\Information->saveAbout()
#4 /Applications/MAMP/htdocs/bobil-web-v1/vendor/codeigniter4/framework/system/CodeIgniter.php(431): CodeIgniter\CodeIgniter->runController(Object(App\Controllers\Information))
#5 /Applications/MAMP/htdocs/bobil-web-v1/vendor/codeigniter4/framework/system/CodeIgniter.php(332): CodeIgniter\CodeIgniter->handleRequest(NULL, Object(Config\Cache), false)
#6 /Applications/MAMP/htdocs/bobil-web-v1/public/index.php(44): CodeIgniter\CodeIgniter->run()
#7 /Applications/MAMP/htdocs/bobil-web-v1/vendor/codeigniter4/framework/system/Commands/Server/rewrite.php(45): require_once('/Applications/M...')
#8 {main}
CRITICAL - 2022-02-17 11:24:29 --> Undefined offset: -1
#0 /Applications/MAMP/htdocs/bobil-web-v1/vendor/codeigniter4/framework/system/HTTP/Files/FileCollection.php(106): CodeIgniter\Debug\Exceptions->errorHandler(8, 'Undefined offse...', '/Applications/M...', 106, Array)
#1 /Applications/MAMP/htdocs/bobil-web-v1/vendor/codeigniter4/framework/system/HTTP/IncomingRequest.php(572): CodeIgniter\HTTP\Files\FileCollection->getFileMultiple('testimoni')
#2 /Applications/MAMP/htdocs/bobil-web-v1/app/Controllers/Information.php(143): CodeIgniter\HTTP\IncomingRequest->getFileMultiple('testimoni')
#3 /Applications/MAMP/htdocs/bobil-web-v1/vendor/codeigniter4/framework/system/CodeIgniter.php(935): App\Controllers\Information->saveAbout()
#4 /Applications/MAMP/htdocs/bobil-web-v1/vendor/codeigniter4/framework/system/CodeIgniter.php(431): CodeIgniter\CodeIgniter->runController(Object(App\Controllers\Information))
#5 /Applications/MAMP/htdocs/bobil-web-v1/vendor/codeigniter4/framework/system/CodeIgniter.php(332): CodeIgniter\CodeIgniter->handleRequest(NULL, Object(Config\Cache), false)
#6 /Applications/MAMP/htdocs/bobil-web-v1/public/index.php(44): CodeIgniter\CodeIgniter->run()
#7 /Applications/MAMP/htdocs/bobil-web-v1/vendor/codeigniter4/framework/system/Commands/Server/rewrite.php(45): require_once('/Applications/M...')
#8 {main}
CRITICAL - 2022-02-17 11:24:35 --> Cannot use [] for reading
#0 /Applications/MAMP/htdocs/bobil-web-v1/vendor/codeigniter4/framework/system/HTTP/IncomingRequest.php(572): CodeIgniter\HTTP\Files\FileCollection->getFileMultiple('testimoni')
#1 /Applications/MAMP/htdocs/bobil-web-v1/app/Controllers/Information.php(143): CodeIgniter\HTTP\IncomingRequest->getFileMultiple('testimoni')
#2 /Applications/MAMP/htdocs/bobil-web-v1/vendor/codeigniter4/framework/system/CodeIgniter.php(935): App\Controllers\Information->saveAbout()
#3 /Applications/MAMP/htdocs/bobil-web-v1/vendor/codeigniter4/framework/system/CodeIgniter.php(431): CodeIgniter\CodeIgniter->runController(Object(App\Controllers\Information))
#4 /Applications/MAMP/htdocs/bobil-web-v1/vendor/codeigniter4/framework/system/CodeIgniter.php(332): CodeIgniter\CodeIgniter->handleRequest(NULL, Object(Config\Cache), false)
#5 /Applications/MAMP/htdocs/bobil-web-v1/public/index.php(44): CodeIgniter\CodeIgniter->run()
#6 /Applications/MAMP/htdocs/bobil-web-v1/vendor/codeigniter4/framework/system/Commands/Server/rewrite.php(45): require_once('/Applications/M...')
#7 {main}
CRITICAL - 2022-02-17 11:24:53 --> Undefined offset: 0
#0 /Applications/MAMP/htdocs/bobil-web-v1/vendor/codeigniter4/framework/system/HTTP/Files/FileCollection.php(109): CodeIgniter\Debug\Exceptions->errorHandler(8, 'Undefined offse...', '/Applications/M...', 109, Array)
#1 /Applications/MAMP/htdocs/bobil-web-v1/vendor/codeigniter4/framework/system/HTTP/IncomingRequest.php(572): CodeIgniter\HTTP\Files\FileCollection->getFileMultiple('highlight')
#2 /Applications/MAMP/htdocs/bobil-web-v1/app/Controllers/Information.php(144): CodeIgniter\HTTP\IncomingRequest->getFileMultiple('highlight')
#3 /Applications/MAMP/htdocs/bobil-web-v1/vendor/codeigniter4/framework/system/CodeIgniter.php(935): App\Controllers\Information->saveAbout()
#4 /Applications/MAMP/htdocs/bobil-web-v1/vendor/codeigniter4/framework/system/CodeIgniter.php(431): CodeIgniter\CodeIgniter->runController(Object(App\Controllers\Information))
#5 /Applications/MAMP/htdocs/bobil-web-v1/vendor/codeigniter4/framework/system/CodeIgniter.php(332): CodeIgniter\CodeIgniter->handleRequest(NULL, Object(Config\Cache), false)
#6 /Applications/MAMP/htdocs/bobil-web-v1/public/index.php(44): CodeIgniter\CodeIgniter->run()
#7 /Applications/MAMP/htdocs/bobil-web-v1/vendor/codeigniter4/framework/system/Commands/Server/rewrite.php(45): require_once('/Applications/M...')
#8 {main}
CRITICAL - 2022-02-17 11:25:18 --> Undefined variable: uploadedFile
#0 /Applications/MAMP/htdocs/bobil-web-v1/vendor/codeigniter4/framework/system/HTTP/Files/FileCollection.php(105): CodeIgniter\Debug\Exceptions->errorHandler(8, 'Undefined varia...', '/Applications/M...', 105, Array)
#1 /Applications/MAMP/htdocs/bobil-web-v1/vendor/codeigniter4/framework/system/HTTP/IncomingRequest.php(572): CodeIgniter\HTTP\Files\FileCollection->getFileMultiple('testimoni')
#2 /Applications/MAMP/htdocs/bobil-web-v1/app/Controllers/Information.php(143): CodeIgniter\HTTP\IncomingRequest->getFileMultiple('testimoni')
#3 /Applications/MAMP/htdocs/bobil-web-v1/vendor/codeigniter4/framework/system/CodeIgniter.php(935): App\Controllers\Information->saveAbout()
#4 /Applications/MAMP/htdocs/bobil-web-v1/vendor/codeigniter4/framework/system/CodeIgniter.php(431): CodeIgniter\CodeIgniter->runController(Object(App\Controllers\Information))
#5 /Applications/MAMP/htdocs/bobil-web-v1/vendor/codeigniter4/framework/system/CodeIgniter.php(332): CodeIgniter\CodeIgniter->handleRequest(NULL, Object(Config\Cache), false)
#6 /Applications/MAMP/htdocs/bobil-web-v1/public/index.php(44): CodeIgniter\CodeIgniter->run()
#7 /Applications/MAMP/htdocs/bobil-web-v1/vendor/codeigniter4/framework/system/Commands/Server/rewrite.php(45): require_once('/Applications/M...')
#8 {main}
CRITICAL - 2022-02-17 11:25:48 --> Cannot use object of type CodeIgniter\HTTP\Files\UploadedFile as array
#0 /Applications/MAMP/htdocs/bobil-web-v1/vendor/codeigniter4/framework/system/HTTP/IncomingRequest.php(572): CodeIgniter\HTTP\Files\FileCollection->getFileMultiple('testimoni')
#1 /Applications/MAMP/htdocs/bobil-web-v1/app/Controllers/Information.php(143): CodeIgniter\HTTP\IncomingRequest->getFileMultiple('testimoni')
#2 /Applications/MAMP/htdocs/bobil-web-v1/vendor/codeigniter4/framework/system/CodeIgniter.php(935): App\Controllers\Information->saveAbout()
#3 /Applications/MAMP/htdocs/bobil-web-v1/vendor/codeigniter4/framework/system/CodeIgniter.php(431): CodeIgniter\CodeIgniter->runController(Object(App\Controllers\Information))
#4 /Applications/MAMP/htdocs/bobil-web-v1/vendor/codeigniter4/framework/system/CodeIgniter.php(332): CodeIgniter\CodeIgniter->handleRequest(NULL, Object(Config\Cache), false)
#5 /Applications/MAMP/htdocs/bobil-web-v1/public/index.php(44): CodeIgniter\CodeIgniter->run()
#6 /Applications/MAMP/htdocs/bobil-web-v1/vendor/codeigniter4/framework/system/Commands/Server/rewrite.php(45): require_once('/Applications/M...')
#7 {main}
CRITICAL - 2022-02-17 11:25:54 --> Cannot use object of type CodeIgniter\HTTP\Files\UploadedFile as array
#0 /Applications/MAMP/htdocs/bobil-web-v1/vendor/codeigniter4/framework/system/HTTP/IncomingRequest.php(572): CodeIgniter\HTTP\Files\FileCollection->getFileMultiple('testimoni')
#1 /Applications/MAMP/htdocs/bobil-web-v1/app/Controllers/Information.php(143): CodeIgniter\HTTP\IncomingRequest->getFileMultiple('testimoni')
#2 /Applications/MAMP/htdocs/bobil-web-v1/vendor/codeigniter4/framework/system/CodeIgniter.php(935): App\Controllers\Information->saveAbout()
#3 /Applications/MAMP/htdocs/bobil-web-v1/vendor/codeigniter4/framework/system/CodeIgniter.php(431): CodeIgniter\CodeIgniter->runController(Object(App\Controllers\Information))
#4 /Applications/MAMP/htdocs/bobil-web-v1/vendor/codeigniter4/framework/system/CodeIgniter.php(332): CodeIgniter\CodeIgniter->handleRequest(NULL, Object(Config\Cache), false)
#5 /Applications/MAMP/htdocs/bobil-web-v1/public/index.php(44): CodeIgniter\CodeIgniter->run()
#6 /Applications/MAMP/htdocs/bobil-web-v1/vendor/codeigniter4/framework/system/Commands/Server/rewrite.php(45): require_once('/Applications/M...')
#7 {main}
CRITICAL - 2022-02-17 11:30:16 --> Undefined offset: 0
#0 /Applications/MAMP/htdocs/bobil-web-v1/vendor/codeigniter4/framework/system/HTTP/Files/FileCollection.php(111): CodeIgniter\Debug\Exceptions->errorHandler(8, 'Undefined offse...', '/Applications/M...', 111, Array)
#1 /Applications/MAMP/htdocs/bobil-web-v1/vendor/codeigniter4/framework/system/HTTP/IncomingRequest.php(572): CodeIgniter\HTTP\Files\FileCollection->getFileMultiple('highlight')
#2 /Applications/MAMP/htdocs/bobil-web-v1/app/Controllers/Information.php(144): CodeIgniter\HTTP\IncomingRequest->getFileMultiple('highlight')
#3 /Applications/MAMP/htdocs/bobil-web-v1/vendor/codeigniter4/framework/system/CodeIgniter.php(935): App\Controllers\Information->saveAbout()
#4 /Applications/MAMP/htdocs/bobil-web-v1/vendor/codeigniter4/framework/system/CodeIgniter.php(431): CodeIgniter\CodeIgniter->runController(Object(App\Controllers\Information))
#5 /Applications/MAMP/htdocs/bobil-web-v1/vendor/codeigniter4/framework/system/CodeIgniter.php(332): CodeIgniter\CodeIgniter->handleRequest(NULL, Object(Config\Cache), false)
#6 /Applications/MAMP/htdocs/bobil-web-v1/public/index.php(44): CodeIgniter\CodeIgniter->run()
#7 /Applications/MAMP/htdocs/bobil-web-v1/vendor/codeigniter4/framework/system/Commands/Server/rewrite.php(45): require_once('/Applications/M...')
#8 {main}
CRITICAL - 2022-02-17 11:32:53 --> Undefined offset: -1
#0 /Applications/MAMP/htdocs/bobil-web-v1/app/Controllers/Information.php(177): CodeIgniter\Debug\Exceptions->errorHandler(8, 'Undefined offse...', '/Applications/M...', 177, Array)
#1 /Applications/MAMP/htdocs/bobil-web-v1/vendor/codeigniter4/framework/system/CodeIgniter.php(935): App\Controllers\Information->saveAbout()
#2 /Applications/MAMP/htdocs/bobil-web-v1/vendor/codeigniter4/framework/system/CodeIgniter.php(431): CodeIgniter\CodeIgniter->runController(Object(App\Controllers\Information))
#3 /Applications/MAMP/htdocs/bobil-web-v1/vendor/codeigniter4/framework/system/CodeIgniter.php(332): CodeIgniter\CodeIgniter->handleRequest(NULL, Object(Config\Cache), false)
#4 /Applications/MAMP/htdocs/bobil-web-v1/public/index.php(44): CodeIgniter\CodeIgniter->run()
#5 /Applications/MAMP/htdocs/bobil-web-v1/vendor/codeigniter4/framework/system/Commands/Server/rewrite.php(45): require_once('/Applications/M...')
#6 {main}
CRITICAL - 2022-02-17 11:38:49 --> Undefined offset: 2
#0 /Applications/MAMP/htdocs/bobil-web-v1/vendor/codeigniter4/framework/system/HTTP/Files/FileCollection.php(105): CodeIgniter\Debug\Exceptions->errorHandler(8, 'Undefined offse...', '/Applications/M...', 105, Array)
#1 /Applications/MAMP/htdocs/bobil-web-v1/vendor/codeigniter4/framework/system/HTTP/IncomingRequest.php(572): CodeIgniter\HTTP\Files\FileCollection->getFileMultiple('testimoni')
#2 /Applications/MAMP/htdocs/bobil-web-v1/app/Controllers/Information.php(143): CodeIgniter\HTTP\IncomingRequest->getFileMultiple('testimoni')
#3 /Applications/MAMP/htdocs/bobil-web-v1/vendor/codeigniter4/framework/system/CodeIgniter.php(935): App\Controllers\Information->saveAbout()
#4 /Applications/MAMP/htdocs/bobil-web-v1/vendor/codeigniter4/framework/system/CodeIgniter.php(431): CodeIgniter\CodeIgniter->runController(Object(App\Controllers\Information))
#5 /Applications/MAMP/htdocs/bobil-web-v1/vendor/codeigniter4/framework/system/CodeIgniter.php(332): CodeIgniter\CodeIgniter->handleRequest(NULL, Object(Config\Cache), false)
#6 /Applications/MAMP/htdocs/bobil-web-v1/public/index.php(44): CodeIgniter\CodeIgniter->run()
#7 /Applications/MAMP/htdocs/bobil-web-v1/vendor/codeigniter4/framework/system/Commands/Server/rewrite.php(45): require_once('/Applications/M...')
#8 {main}
CRITICAL - 2022-02-17 11:41:33 --> Undefined offset: 2
#0 /Applications/MAMP/htdocs/bobil-web-v1/app/Controllers/Information.php(177): CodeIgniter\Debug\Exceptions->errorHandler(8, 'Undefined offse...', '/Applications/M...', 177, Array)
#1 /Applications/MAMP/htdocs/bobil-web-v1/vendor/codeigniter4/framework/system/CodeIgniter.php(935): App\Controllers\Information->saveAbout()
#2 /Applications/MAMP/htdocs/bobil-web-v1/vendor/codeigniter4/framework/system/CodeIgniter.php(431): CodeIgniter\CodeIgniter->runController(Object(App\Controllers\Information))
#3 /Applications/MAMP/htdocs/bobil-web-v1/vendor/codeigniter4/framework/system/CodeIgniter.php(332): CodeIgniter\CodeIgniter->handleRequest(NULL, Object(Config\Cache), false)
#4 /Applications/MAMP/htdocs/bobil-web-v1/public/index.php(44): CodeIgniter\CodeIgniter->run()
#5 /Applications/MAMP/htdocs/bobil-web-v1/vendor/codeigniter4/framework/system/Commands/Server/rewrite.php(45): require_once('/Applications/M...')
#6 {main}
