CRITICAL - 2022-02-16 07:28:53 --> Undefined property: stdClass::$0
#0 /Applications/MAMP/htdocs/bobil-web-v1/app/Views/admin/information/about.php(304): CodeIgniter\Debug\Exceptions->errorHandler(8, 'Undefined prope...', '/Applications/M...', 304, Array)
#1 /Applications/MAMP/htdocs/bobil-web-v1/vendor/codeigniter4/framework/system/View/View.php(220): include('/Applications/M...')
#2 /Applications/MAMP/htdocs/bobil-web-v1/vendor/codeigniter4/framework/system/View/View.php(222): CodeIgniter\View\View->CodeIgniter\View\{closure}()
#3 /Applications/MAMP/htdocs/bobil-web-v1/vendor/codeigniter4/framework/system/Common.php(1217): CodeIgniter\View\View->render('admin/informati...', Array, true)
#4 /Applications/MAMP/htdocs/bobil-web-v1/app/Controllers/Information.php(447): view('admin/informati...', Array)
#5 /Applications/MAMP/htdocs/bobil-web-v1/app/Controllers/Information.php(70): App\Controllers\Information->render('admin/informati...', Array)
#6 /Applications/MAMP/htdocs/bobil-web-v1/vendor/codeigniter4/framework/system/CodeIgniter.php(935): App\Controllers\Information->about()
#7 /Applications/MAMP/htdocs/bobil-web-v1/vendor/codeigniter4/framework/system/CodeIgniter.php(431): CodeIgniter\CodeIgniter->runController(Object(App\Controllers\Information))
#8 /Applications/MAMP/htdocs/bobil-web-v1/vendor/codeigniter4/framework/system/CodeIgniter.php(332): CodeIgniter\CodeIgniter->handleRequest(NULL, Object(Config\Cache), false)
#9 /Applications/MAMP/htdocs/bobil-web-v1/public/index.php(44): CodeIgniter\CodeIgniter->run()
#10 /Applications/MAMP/htdocs/bobil-web-v1/vendor/codeigniter4/framework/system/Commands/Server/rewrite.php(45): require_once('/Applications/M...')
#11 {main}
CRITICAL - 2022-02-16 07:29:09 --> Undefined property: stdClass::$1644755832_bffa248f3ba72901e0fa.png
#0 /Applications/MAMP/htdocs/bobil-web-v1/app/Views/admin/information/about.php(304): CodeIgniter\Debug\Exceptions->errorHandler(8, 'Undefined prope...', '/Applications/M...', 304, Array)
#1 /Applications/MAMP/htdocs/bobil-web-v1/vendor/codeigniter4/framework/system/View/View.php(220): include('/Applications/M...')
#2 /Applications/MAMP/htdocs/bobil-web-v1/vendor/codeigniter4/framework/system/View/View.php(222): CodeIgniter\View\View->CodeIgniter\View\{closure}()
#3 /Applications/MAMP/htdocs/bobil-web-v1/vendor/codeigniter4/framework/system/Common.php(1217): CodeIgniter\View\View->render('admin/informati...', Array, true)
#4 /Applications/MAMP/htdocs/bobil-web-v1/app/Controllers/Information.php(447): view('admin/informati...', Array)
#5 /Applications/MAMP/htdocs/bobil-web-v1/app/Controllers/Information.php(70): App\Controllers\Information->render('admin/informati...', Array)
#6 /Applications/MAMP/htdocs/bobil-web-v1/vendor/codeigniter4/framework/system/CodeIgniter.php(935): App\Controllers\Information->about()
#7 /Applications/MAMP/htdocs/bobil-web-v1/vendor/codeigniter4/framework/system/CodeIgniter.php(431): CodeIgniter\CodeIgniter->runController(Object(App\Controllers\Information))
#8 /Applications/MAMP/htdocs/bobil-web-v1/vendor/codeigniter4/framework/system/CodeIgniter.php(332): CodeIgniter\CodeIgniter->handleRequest(NULL, Object(Config\Cache), false)
#9 /Applications/MAMP/htdocs/bobil-web-v1/public/index.php(44): CodeIgniter\CodeIgniter->run()
#10 /Applications/MAMP/htdocs/bobil-web-v1/vendor/codeigniter4/framework/system/Commands/Server/rewrite.php(45): require_once('/Applications/M...')
#11 {main}
CRITICAL - 2022-02-16 07:29:41 --> Undefined property: stdClass::$1644755832_bffa248f3ba72901e0fa.png
#0 /Applications/MAMP/htdocs/bobil-web-v1/app/Views/admin/information/about.php(304): CodeIgniter\Debug\Exceptions->errorHandler(8, 'Undefined prope...', '/Applications/M...', 304, Array)
#1 /Applications/MAMP/htdocs/bobil-web-v1/vendor/codeigniter4/framework/system/View/View.php(220): include('/Applications/M...')
#2 /Applications/MAMP/htdocs/bobil-web-v1/vendor/codeigniter4/framework/system/View/View.php(222): CodeIgniter\View\View->CodeIgniter\View\{closure}()
#3 /Applications/MAMP/htdocs/bobil-web-v1/vendor/codeigniter4/framework/system/Common.php(1217): CodeIgniter\View\View->render('admin/informati...', Array, true)
#4 /Applications/MAMP/htdocs/bobil-web-v1/app/Controllers/Information.php(447): view('admin/informati...', Array)
#5 /Applications/MAMP/htdocs/bobil-web-v1/app/Controllers/Information.php(70): App\Controllers\Information->render('admin/informati...', Array)
#6 /Applications/MAMP/htdocs/bobil-web-v1/vendor/codeigniter4/framework/system/CodeIgniter.php(935): App\Controllers\Information->about()
#7 /Applications/MAMP/htdocs/bobil-web-v1/vendor/codeigniter4/framework/system/CodeIgniter.php(431): CodeIgniter\CodeIgniter->runController(Object(App\Controllers\Information))
#8 /Applications/MAMP/htdocs/bobil-web-v1/vendor/codeigniter4/framework/system/CodeIgniter.php(332): CodeIgniter\CodeIgniter->handleRequest(NULL, Object(Config\Cache), false)
#9 /Applications/MAMP/htdocs/bobil-web-v1/public/index.php(44): CodeIgniter\CodeIgniter->run()
#10 /Applications/MAMP/htdocs/bobil-web-v1/vendor/codeigniter4/framework/system/Commands/Server/rewrite.php(45): require_once('/Applications/M...')
#11 {main}
CRITICAL - 2022-02-16 08:56:29 --> The original file is not a valid file.
#0 /Applications/MAMP/htdocs/bobil-web-v1/vendor/codeigniter4/framework/system/HTTP/Files/UploadedFile.php(143): CodeIgniter\HTTP\Exceptions\HTTPException::forInvalidFile()
#1 /Applications/MAMP/htdocs/bobil-web-v1/app/Controllers/Information.php(170): CodeIgniter\HTTP\Files\UploadedFile->move('upload/about/', '1645023389_fef8...')
#2 /Applications/MAMP/htdocs/bobil-web-v1/vendor/codeigniter4/framework/system/CodeIgniter.php(935): App\Controllers\Information->saveAbout()
#3 /Applications/MAMP/htdocs/bobil-web-v1/vendor/codeigniter4/framework/system/CodeIgniter.php(431): CodeIgniter\CodeIgniter->runController(Object(App\Controllers\Information))
#4 /Applications/MAMP/htdocs/bobil-web-v1/vendor/codeigniter4/framework/system/CodeIgniter.php(332): CodeIgniter\CodeIgniter->handleRequest(NULL, Object(Config\Cache), false)
#5 /Applications/MAMP/htdocs/bobil-web-v1/public/index.php(44): CodeIgniter\CodeIgniter->run()
#6 /Applications/MAMP/htdocs/bobil-web-v1/vendor/codeigniter4/framework/system/Commands/Server/rewrite.php(45): require_once('/Applications/M...')
#7 {main}
CRITICAL - 2022-02-16 08:56:46 --> The original file is not a valid file.
#0 /Applications/MAMP/htdocs/bobil-web-v1/vendor/codeigniter4/framework/system/HTTP/Files/UploadedFile.php(143): CodeIgniter\HTTP\Exceptions\HTTPException::forInvalidFile()
#1 /Applications/MAMP/htdocs/bobil-web-v1/app/Controllers/Information.php(170): CodeIgniter\HTTP\Files\UploadedFile->move('upload/about/', '1645023406_a908...')
#2 /Applications/MAMP/htdocs/bobil-web-v1/vendor/codeigniter4/framework/system/CodeIgniter.php(935): App\Controllers\Information->saveAbout()
#3 /Applications/MAMP/htdocs/bobil-web-v1/vendor/codeigniter4/framework/system/CodeIgniter.php(431): CodeIgniter\CodeIgniter->runController(Object(App\Controllers\Information))
#4 /Applications/MAMP/htdocs/bobil-web-v1/vendor/codeigniter4/framework/system/CodeIgniter.php(332): CodeIgniter\CodeIgniter->handleRequest(NULL, Object(Config\Cache), false)
#5 /Applications/MAMP/htdocs/bobil-web-v1/public/index.php(44): CodeIgniter\CodeIgniter->run()
#6 /Applications/MAMP/htdocs/bobil-web-v1/vendor/codeigniter4/framework/system/Commands/Server/rewrite.php(45): require_once('/Applications/M...')
#7 {main}
CRITICAL - 2022-02-16 09:32:25 --> Array to string conversion
#0 /Applications/MAMP/htdocs/bobil-web-v1/app/Views/admin/information/about.php(16): CodeIgniter\Debug\Exceptions->errorHandler(8, 'Array to string...', '/Applications/M...', 16, Array)
#1 /Applications/MAMP/htdocs/bobil-web-v1/vendor/codeigniter4/framework/system/View/View.php(220): include('/Applications/M...')
#2 /Applications/MAMP/htdocs/bobil-web-v1/vendor/codeigniter4/framework/system/View/View.php(222): CodeIgniter\View\View->CodeIgniter\View\{closure}()
#3 /Applications/MAMP/htdocs/bobil-web-v1/vendor/codeigniter4/framework/system/Common.php(1217): CodeIgniter\View\View->render('admin/informati...', Array, true)
#4 /Applications/MAMP/htdocs/bobil-web-v1/app/Controllers/Information.php(451): view('admin/informati...', Array)
#5 /Applications/MAMP/htdocs/bobil-web-v1/app/Controllers/Information.php(70): App\Controllers\Information->render('admin/informati...', Array)
#6 /Applications/MAMP/htdocs/bobil-web-v1/vendor/codeigniter4/framework/system/CodeIgniter.php(935): App\Controllers\Information->about()
#7 /Applications/MAMP/htdocs/bobil-web-v1/vendor/codeigniter4/framework/system/CodeIgniter.php(431): CodeIgniter\CodeIgniter->runController(Object(App\Controllers\Information))
#8 /Applications/MAMP/htdocs/bobil-web-v1/vendor/codeigniter4/framework/system/CodeIgniter.php(332): CodeIgniter\CodeIgniter->handleRequest(NULL, Object(Config\Cache), false)
#9 /Applications/MAMP/htdocs/bobil-web-v1/public/index.php(44): CodeIgniter\CodeIgniter->run()
#10 /Applications/MAMP/htdocs/bobil-web-v1/vendor/codeigniter4/framework/system/Commands/Server/rewrite.php(45): require_once('/Applications/M...')
#11 {main}
CRITICAL - 2022-02-16 09:32:27 --> Array to string conversion
#0 /Applications/MAMP/htdocs/bobil-web-v1/app/Views/admin/information/about.php(16): CodeIgniter\Debug\Exceptions->errorHandler(8, 'Array to string...', '/Applications/M...', 16, Array)
#1 /Applications/MAMP/htdocs/bobil-web-v1/vendor/codeigniter4/framework/system/View/View.php(220): include('/Applications/M...')
#2 /Applications/MAMP/htdocs/bobil-web-v1/vendor/codeigniter4/framework/system/View/View.php(222): CodeIgniter\View\View->CodeIgniter\View\{closure}()
#3 /Applications/MAMP/htdocs/bobil-web-v1/vendor/codeigniter4/framework/system/Common.php(1217): CodeIgniter\View\View->render('admin/informati...', Array, true)
#4 /Applications/MAMP/htdocs/bobil-web-v1/app/Controllers/Information.php(451): view('admin/informati...', Array)
#5 /Applications/MAMP/htdocs/bobil-web-v1/app/Controllers/Information.php(70): App\Controllers\Information->render('admin/informati...', Array)
#6 /Applications/MAMP/htdocs/bobil-web-v1/vendor/codeigniter4/framework/system/CodeIgniter.php(935): App\Controllers\Information->about()
#7 /Applications/MAMP/htdocs/bobil-web-v1/vendor/codeigniter4/framework/system/CodeIgniter.php(431): CodeIgniter\CodeIgniter->runController(Object(App\Controllers\Information))
#8 /Applications/MAMP/htdocs/bobil-web-v1/vendor/codeigniter4/framework/system/CodeIgniter.php(332): CodeIgniter\CodeIgniter->handleRequest(NULL, Object(Config\Cache), false)
#9 /Applications/MAMP/htdocs/bobil-web-v1/public/index.php(44): CodeIgniter\CodeIgniter->run()
#10 /Applications/MAMP/htdocs/bobil-web-v1/vendor/codeigniter4/framework/system/Commands/Server/rewrite.php(45): require_once('/Applications/M...')
#11 {main}
CRITICAL - 2022-02-16 09:33:02 --> Array to string conversion
#0 /Applications/MAMP/htdocs/bobil-web-v1/app/Views/admin/information/about.php(16): CodeIgniter\Debug\Exceptions->errorHandler(8, 'Array to string...', '/Applications/M...', 16, Array)
#1 /Applications/MAMP/htdocs/bobil-web-v1/vendor/codeigniter4/framework/system/View/View.php(220): include('/Applications/M...')
#2 /Applications/MAMP/htdocs/bobil-web-v1/vendor/codeigniter4/framework/system/View/View.php(222): CodeIgniter\View\View->CodeIgniter\View\{closure}()
#3 /Applications/MAMP/htdocs/bobil-web-v1/vendor/codeigniter4/framework/system/Common.php(1217): CodeIgniter\View\View->render('admin/informati...', Array, true)
#4 /Applications/MAMP/htdocs/bobil-web-v1/app/Controllers/Information.php(451): view('admin/informati...', Array)
#5 /Applications/MAMP/htdocs/bobil-web-v1/app/Controllers/Information.php(70): App\Controllers\Information->render('admin/informati...', Array)
#6 /Applications/MAMP/htdocs/bobil-web-v1/vendor/codeigniter4/framework/system/CodeIgniter.php(935): App\Controllers\Information->about()
#7 /Applications/MAMP/htdocs/bobil-web-v1/vendor/codeigniter4/framework/system/CodeIgniter.php(431): CodeIgniter\CodeIgniter->runController(Object(App\Controllers\Information))
#8 /Applications/MAMP/htdocs/bobil-web-v1/vendor/codeigniter4/framework/system/CodeIgniter.php(332): CodeIgniter\CodeIgniter->handleRequest(NULL, Object(Config\Cache), false)
#9 /Applications/MAMP/htdocs/bobil-web-v1/public/index.php(44): CodeIgniter\CodeIgniter->run()
#10 /Applications/MAMP/htdocs/bobil-web-v1/vendor/codeigniter4/framework/system/Commands/Server/rewrite.php(45): require_once('/Applications/M...')
#11 {main}
CRITICAL - 2022-02-16 09:33:09 --> Array to string conversion
#0 /Applications/MAMP/htdocs/bobil-web-v1/app/Views/admin/information/about.php(16): CodeIgniter\Debug\Exceptions->errorHandler(8, 'Array to string...', '/Applications/M...', 16, Array)
#1 /Applications/MAMP/htdocs/bobil-web-v1/vendor/codeigniter4/framework/system/View/View.php(220): include('/Applications/M...')
#2 /Applications/MAMP/htdocs/bobil-web-v1/vendor/codeigniter4/framework/system/View/View.php(222): CodeIgniter\View\View->CodeIgniter\View\{closure}()
#3 /Applications/MAMP/htdocs/bobil-web-v1/vendor/codeigniter4/framework/system/Common.php(1217): CodeIgniter\View\View->render('admin/informati...', Array, true)
#4 /Applications/MAMP/htdocs/bobil-web-v1/app/Controllers/Information.php(451): view('admin/informati...', Array)
#5 /Applications/MAMP/htdocs/bobil-web-v1/app/Controllers/Information.php(70): App\Controllers\Information->render('admin/informati...', Array)
#6 /Applications/MAMP/htdocs/bobil-web-v1/vendor/codeigniter4/framework/system/CodeIgniter.php(935): App\Controllers\Information->about()
#7 /Applications/MAMP/htdocs/bobil-web-v1/vendor/codeigniter4/framework/system/CodeIgniter.php(431): CodeIgniter\CodeIgniter->runController(Object(App\Controllers\Information))
#8 /Applications/MAMP/htdocs/bobil-web-v1/vendor/codeigniter4/framework/system/CodeIgniter.php(332): CodeIgniter\CodeIgniter->handleRequest(NULL, Object(Config\Cache), false)
#9 /Applications/MAMP/htdocs/bobil-web-v1/public/index.php(44): CodeIgniter\CodeIgniter->run()
#10 /Applications/MAMP/htdocs/bobil-web-v1/vendor/codeigniter4/framework/system/Commands/Server/rewrite.php(45): require_once('/Applications/M...')
#11 {main}
CRITICAL - 2022-02-16 09:33:31 --> Array to string conversion
#0 /Applications/MAMP/htdocs/bobil-web-v1/app/Views/admin/information/about.php(16): CodeIgniter\Debug\Exceptions->errorHandler(8, 'Array to string...', '/Applications/M...', 16, Array)
#1 /Applications/MAMP/htdocs/bobil-web-v1/vendor/codeigniter4/framework/system/View/View.php(220): include('/Applications/M...')
#2 /Applications/MAMP/htdocs/bobil-web-v1/vendor/codeigniter4/framework/system/View/View.php(222): CodeIgniter\View\View->CodeIgniter\View\{closure}()
#3 /Applications/MAMP/htdocs/bobil-web-v1/vendor/codeigniter4/framework/system/Common.php(1217): CodeIgniter\View\View->render('admin/informati...', Array, true)
#4 /Applications/MAMP/htdocs/bobil-web-v1/app/Controllers/Information.php(451): view('admin/informati...', Array)
#5 /Applications/MAMP/htdocs/bobil-web-v1/app/Controllers/Information.php(70): App\Controllers\Information->render('admin/informati...', Array)
#6 /Applications/MAMP/htdocs/bobil-web-v1/vendor/codeigniter4/framework/system/CodeIgniter.php(935): App\Controllers\Information->about()
#7 /Applications/MAMP/htdocs/bobil-web-v1/vendor/codeigniter4/framework/system/CodeIgniter.php(431): CodeIgniter\CodeIgniter->runController(Object(App\Controllers\Information))
#8 /Applications/MAMP/htdocs/bobil-web-v1/vendor/codeigniter4/framework/system/CodeIgniter.php(332): CodeIgniter\CodeIgniter->handleRequest(NULL, Object(Config\Cache), false)
#9 /Applications/MAMP/htdocs/bobil-web-v1/public/index.php(44): CodeIgniter\CodeIgniter->run()
#10 /Applications/MAMP/htdocs/bobil-web-v1/vendor/codeigniter4/framework/system/Commands/Server/rewrite.php(45): require_once('/Applications/M...')
#11 {main}
CRITICAL - 2022-02-16 09:33:39 --> json_decode() expects parameter 1 to be string, array given
#0 [internal function]: CodeIgniter\Debug\Exceptions->errorHandler(2, 'json_decode() e...', '/Applications/M...', 16, Array)
#1 /Applications/MAMP/htdocs/bobil-web-v1/app/Views/admin/information/about.php(16): json_decode(Array)
#2 /Applications/MAMP/htdocs/bobil-web-v1/vendor/codeigniter4/framework/system/View/View.php(220): include('/Applications/M...')
#3 /Applications/MAMP/htdocs/bobil-web-v1/vendor/codeigniter4/framework/system/View/View.php(222): CodeIgniter\View\View->CodeIgniter\View\{closure}()
#4 /Applications/MAMP/htdocs/bobil-web-v1/vendor/codeigniter4/framework/system/Common.php(1217): CodeIgniter\View\View->render('admin/informati...', Array, true)
#5 /Applications/MAMP/htdocs/bobil-web-v1/app/Controllers/Information.php(451): view('admin/informati...', Array)
#6 /Applications/MAMP/htdocs/bobil-web-v1/app/Controllers/Information.php(70): App\Controllers\Information->render('admin/informati...', Array)
#7 /Applications/MAMP/htdocs/bobil-web-v1/vendor/codeigniter4/framework/system/CodeIgniter.php(935): App\Controllers\Information->about()
#8 /Applications/MAMP/htdocs/bobil-web-v1/vendor/codeigniter4/framework/system/CodeIgniter.php(431): CodeIgniter\CodeIgniter->runController(Object(App\Controllers\Information))
#9 /Applications/MAMP/htdocs/bobil-web-v1/vendor/codeigniter4/framework/system/CodeIgniter.php(332): CodeIgniter\CodeIgniter->handleRequest(NULL, Object(Config\Cache), false)
#10 /Applications/MAMP/htdocs/bobil-web-v1/public/index.php(44): CodeIgniter\CodeIgniter->run()
#11 /Applications/MAMP/htdocs/bobil-web-v1/vendor/codeigniter4/framework/system/Commands/Server/rewrite.php(45): require_once('/Applications/M...')
#12 {main}
