CRITICAL - 2022-02-04 17:46:40 --> Undefined property: App\Controllers\Home::$load
#0 /Users/nothlic/Desktop/bobil-web-v1/app/Controllers/Home.php(9): CodeIgniter\Debug\Exceptions->errorHandler(8, 'Undefined prope...', '/Users/nothlic/...', 9, Array)
#1 /Users/nothlic/Desktop/bobil-web-v1/vendor/codeigniter4/framework/system/CodeIgniter.php(935): App\Controllers\Home->index()
#2 /Users/nothlic/Desktop/bobil-web-v1/vendor/codeigniter4/framework/system/CodeIgniter.php(431): CodeIgniter\CodeIgniter->runController(Object(App\Controllers\Home))
#3 /Users/nothlic/Desktop/bobil-web-v1/vendor/codeigniter4/framework/system/CodeIgniter.php(332): CodeIgniter\CodeIgniter->handleRequest(NULL, Object(Config\Cache), false)
#4 /Users/nothlic/Desktop/bobil-web-v1/public/index.php(44): CodeIgniter\CodeIgniter->run()
#5 /Users/nothlic/Desktop/bobil-web-v1/vendor/codeigniter4/framework/system/Commands/Server/rewrite.php(45): require_once('/Users/nothlic/...')
#6 {main}
ERROR - 2022-02-04 19:08:34 --> Error connecting to the database: Access denied for user ''@'localhost' (using password: NO)
ERROR - 2022-02-04 19:15:38 --> Error connecting to the database: Access denied for user '****'@'localhost' (using password: YES)
ERROR - 2022-02-04 19:17:34 --> Error connecting to the database: Access denied for user '****'@'localhost' (using password: YES)
ERROR - 2022-02-04 19:18:06 --> Error connecting to the database: Access denied for user '****'@'localhost' (using password: YES)
ERROR - 2022-02-04 19:19:41 --> Error connecting to the database: Access denied for user '****'@'localhost' (using password: YES)
ERROR - 2022-02-04 19:20:49 --> Error connecting to the database: Access denied for user '****'@'localhost' (using password: YES)
ERROR - 2022-02-04 19:22:34 --> Error connecting to the database: Access denied for user '****'@'localhost' (using password: YES)
CRITICAL - 2022-02-04 19:22:34 --> Unable to connect to the database.
#0 /Applications/MAMP/htdocs/bobil-web-v1/vendor/codeigniter4/framework/system/Database/BaseConnection.php(620): CodeIgniter\Database\BaseConnection->initialize()
#1 /Applications/MAMP/htdocs/bobil-web-v1/app/Controllers/Home.php(10): CodeIgniter\Database\BaseConnection->query('SELECT * FROM t...')
#2 /Applications/MAMP/htdocs/bobil-web-v1/vendor/codeigniter4/framework/system/CodeIgniter.php(935): App\Controllers\Home->index()
#3 /Applications/MAMP/htdocs/bobil-web-v1/vendor/codeigniter4/framework/system/CodeIgniter.php(431): CodeIgniter\CodeIgniter->runController(Object(App\Controllers\Home))
#4 /Applications/MAMP/htdocs/bobil-web-v1/vendor/codeigniter4/framework/system/CodeIgniter.php(332): CodeIgniter\CodeIgniter->handleRequest(NULL, Object(Config\Cache), false)
#5 /Applications/MAMP/htdocs/bobil-web-v1/public/index.php(44): CodeIgniter\CodeIgniter->run()
#6 /Applications/MAMP/htdocs/bobil-web-v1/vendor/codeigniter4/framework/system/Commands/Server/rewrite.php(45): require_once('/Applications/M...')
#7 {main}
ERROR - 2022-02-04 19:22:36 --> Error connecting to the database: Access denied for user '****'@'localhost' (using password: YES)
CRITICAL - 2022-02-04 19:22:36 --> Unable to connect to the database.
#0 /Applications/MAMP/htdocs/bobil-web-v1/vendor/codeigniter4/framework/system/Database/BaseConnection.php(620): CodeIgniter\Database\BaseConnection->initialize()
#1 /Applications/MAMP/htdocs/bobil-web-v1/app/Controllers/Home.php(10): CodeIgniter\Database\BaseConnection->query('SELECT * FROM t...')
#2 /Applications/MAMP/htdocs/bobil-web-v1/vendor/codeigniter4/framework/system/CodeIgniter.php(935): App\Controllers\Home->index()
#3 /Applications/MAMP/htdocs/bobil-web-v1/vendor/codeigniter4/framework/system/CodeIgniter.php(431): CodeIgniter\CodeIgniter->runController(Object(App\Controllers\Home))
#4 /Applications/MAMP/htdocs/bobil-web-v1/vendor/codeigniter4/framework/system/CodeIgniter.php(332): CodeIgniter\CodeIgniter->handleRequest(NULL, Object(Config\Cache), false)
#5 /Applications/MAMP/htdocs/bobil-web-v1/public/index.php(44): CodeIgniter\CodeIgniter->run()
#6 /Applications/MAMP/htdocs/bobil-web-v1/vendor/codeigniter4/framework/system/Commands/Server/rewrite.php(45): require_once('/Applications/M...')
#7 {main}
ERROR - 2022-02-04 19:22:51 --> Error connecting to the database: Access denied for user '****'@'localhost' (using password: YES)
CRITICAL - 2022-02-04 19:22:51 --> Unable to connect to the database.
#0 /Applications/MAMP/htdocs/bobil-web-v1/vendor/codeigniter4/framework/system/Database/BaseConnection.php(620): CodeIgniter\Database\BaseConnection->initialize()
#1 /Applications/MAMP/htdocs/bobil-web-v1/app/Controllers/Home.php(10): CodeIgniter\Database\BaseConnection->query('SELECT * FROM t...')
#2 /Applications/MAMP/htdocs/bobil-web-v1/vendor/codeigniter4/framework/system/CodeIgniter.php(935): App\Controllers\Home->index()
#3 /Applications/MAMP/htdocs/bobil-web-v1/vendor/codeigniter4/framework/system/CodeIgniter.php(431): CodeIgniter\CodeIgniter->runController(Object(App\Controllers\Home))
#4 /Applications/MAMP/htdocs/bobil-web-v1/vendor/codeigniter4/framework/system/CodeIgniter.php(332): CodeIgniter\CodeIgniter->handleRequest(NULL, Object(Config\Cache), false)
#5 /Applications/MAMP/htdocs/bobil-web-v1/public/index.php(44): CodeIgniter\CodeIgniter->run()
#6 /Applications/MAMP/htdocs/bobil-web-v1/vendor/codeigniter4/framework/system/Commands/Server/rewrite.php(45): require_once('/Applications/M...')
#7 {main}
ERROR - 2022-02-04 19:22:52 --> Error connecting to the database: Access denied for user '****'@'localhost' (using password: YES)
CRITICAL - 2022-02-04 19:22:52 --> Unable to connect to the database.
#0 /Applications/MAMP/htdocs/bobil-web-v1/vendor/codeigniter4/framework/system/Database/BaseConnection.php(620): CodeIgniter\Database\BaseConnection->initialize()
#1 /Applications/MAMP/htdocs/bobil-web-v1/app/Controllers/Home.php(10): CodeIgniter\Database\BaseConnection->query('SELECT * FROM t...')
#2 /Applications/MAMP/htdocs/bobil-web-v1/vendor/codeigniter4/framework/system/CodeIgniter.php(935): App\Controllers\Home->index()
#3 /Applications/MAMP/htdocs/bobil-web-v1/vendor/codeigniter4/framework/system/CodeIgniter.php(431): CodeIgniter\CodeIgniter->runController(Object(App\Controllers\Home))
#4 /Applications/MAMP/htdocs/bobil-web-v1/vendor/codeigniter4/framework/system/CodeIgniter.php(332): CodeIgniter\CodeIgniter->handleRequest(NULL, Object(Config\Cache), false)
#5 /Applications/MAMP/htdocs/bobil-web-v1/public/index.php(44): CodeIgniter\CodeIgniter->run()
#6 /Applications/MAMP/htdocs/bobil-web-v1/vendor/codeigniter4/framework/system/Commands/Server/rewrite.php(45): require_once('/Applications/M...')
#7 {main}
ERROR - 2022-02-04 19:22:53 --> Error connecting to the database: Access denied for user '****'@'localhost' (using password: YES)
CRITICAL - 2022-02-04 19:22:53 --> Unable to connect to the database.
#0 /Applications/MAMP/htdocs/bobil-web-v1/vendor/codeigniter4/framework/system/Database/BaseConnection.php(620): CodeIgniter\Database\BaseConnection->initialize()
#1 /Applications/MAMP/htdocs/bobil-web-v1/app/Controllers/Home.php(10): CodeIgniter\Database\BaseConnection->query('SELECT * FROM t...')
#2 /Applications/MAMP/htdocs/bobil-web-v1/vendor/codeigniter4/framework/system/CodeIgniter.php(935): App\Controllers\Home->index()
#3 /Applications/MAMP/htdocs/bobil-web-v1/vendor/codeigniter4/framework/system/CodeIgniter.php(431): CodeIgniter\CodeIgniter->runController(Object(App\Controllers\Home))
#4 /Applications/MAMP/htdocs/bobil-web-v1/vendor/codeigniter4/framework/system/CodeIgniter.php(332): CodeIgniter\CodeIgniter->handleRequest(NULL, Object(Config\Cache), false)
#5 /Applications/MAMP/htdocs/bobil-web-v1/public/index.php(44): CodeIgniter\CodeIgniter->run()
#6 /Applications/MAMP/htdocs/bobil-web-v1/vendor/codeigniter4/framework/system/Commands/Server/rewrite.php(45): require_once('/Applications/M...')
#7 {main}
ERROR - 2022-02-04 19:22:54 --> Error connecting to the database: Access denied for user '****'@'localhost' (using password: YES)
CRITICAL - 2022-02-04 19:22:54 --> Unable to connect to the database.
#0 /Applications/MAMP/htdocs/bobil-web-v1/vendor/codeigniter4/framework/system/Database/BaseConnection.php(620): CodeIgniter\Database\BaseConnection->initialize()
#1 /Applications/MAMP/htdocs/bobil-web-v1/app/Controllers/Home.php(10): CodeIgniter\Database\BaseConnection->query('SELECT * FROM t...')
#2 /Applications/MAMP/htdocs/bobil-web-v1/vendor/codeigniter4/framework/system/CodeIgniter.php(935): App\Controllers\Home->index()
#3 /Applications/MAMP/htdocs/bobil-web-v1/vendor/codeigniter4/framework/system/CodeIgniter.php(431): CodeIgniter\CodeIgniter->runController(Object(App\Controllers\Home))
#4 /Applications/MAMP/htdocs/bobil-web-v1/vendor/codeigniter4/framework/system/CodeIgniter.php(332): CodeIgniter\CodeIgniter->handleRequest(NULL, Object(Config\Cache), false)
#5 /Applications/MAMP/htdocs/bobil-web-v1/public/index.php(44): CodeIgniter\CodeIgniter->run()
#6 /Applications/MAMP/htdocs/bobil-web-v1/vendor/codeigniter4/framework/system/Commands/Server/rewrite.php(45): require_once('/Applications/M...')
#7 {main}
ERROR - 2022-02-04 19:28:18 --> Error connecting to the database: Access denied for user '****'@'localhost' (using password: YES)
ERROR - 2022-02-04 19:30:40 --> Error connecting to the database: Access denied for user '****'@'localhost' (using password: YES)
ERROR - 2022-02-04 19:32:45 --> Error connecting to the database: Access denied for user '****'@'localhost' (using password: YES)
CRITICAL - 2022-02-04 20:26:35 --> Invalid file: AuthViewController\login.php
#0 /Applications/MAMP/htdocs/bobil-web-v1/vendor/codeigniter4/framework/system/View/View.php(203): CodeIgniter\Exceptions\FrameworkException::forInvalidFile('AuthViewControl...')
#1 /Applications/MAMP/htdocs/bobil-web-v1/vendor/codeigniter4/framework/system/Common.php(1217): CodeIgniter\View\View->render('AuthViewControl...', Array, true)
#2 /Applications/MAMP/htdocs/bobil-web-v1/vendor/myth/auth/src/Controllers/AuthController.php(401): view('AuthViewControl...', Array)
#3 /Applications/MAMP/htdocs/bobil-web-v1/vendor/myth/auth/src/Controllers/AuthController.php(58): Myth\Auth\Controllers\AuthController->_render('AuthViewControl...', Array)
#4 /Applications/MAMP/htdocs/bobil-web-v1/vendor/codeigniter4/framework/system/CodeIgniter.php(935): Myth\Auth\Controllers\AuthController->login()
#5 /Applications/MAMP/htdocs/bobil-web-v1/vendor/codeigniter4/framework/system/CodeIgniter.php(431): CodeIgniter\CodeIgniter->runController(Object(Myth\Auth\Controllers\AuthController))
#6 /Applications/MAMP/htdocs/bobil-web-v1/vendor/codeigniter4/framework/system/CodeIgniter.php(332): CodeIgniter\CodeIgniter->handleRequest(NULL, Object(Config\Cache), false)
#7 /Applications/MAMP/htdocs/bobil-web-v1/public/index.php(44): CodeIgniter\CodeIgniter->run()
#8 /Applications/MAMP/htdocs/bobil-web-v1/vendor/codeigniter4/framework/system/Commands/Server/rewrite.php(45): require_once('/Applications/M...')
#9 {main}
CRITICAL - 2022-02-04 20:36:35 --> Undefined variable: config
#0 /Applications/MAMP/htdocs/bobil-web-v1/app/Views/auth/login.php(21): CodeIgniter\Debug\Exceptions->errorHandler(8, 'Undefined varia...', '/Applications/M...', 21, Array)
#1 /Applications/MAMP/htdocs/bobil-web-v1/vendor/codeigniter4/framework/system/View/View.php(220): include('/Applications/M...')
#2 /Applications/MAMP/htdocs/bobil-web-v1/vendor/codeigniter4/framework/system/View/View.php(222): CodeIgniter\View\View->CodeIgniter\View\{closure}()
#3 /Applications/MAMP/htdocs/bobil-web-v1/vendor/codeigniter4/framework/system/Common.php(1217): CodeIgniter\View\View->render('auth/login', Array, true)
#4 /Applications/MAMP/htdocs/bobil-web-v1/app/Controllers/AuthController.php(60): view('auth/login')
#5 /Applications/MAMP/htdocs/bobil-web-v1/vendor/codeigniter4/framework/system/CodeIgniter.php(935): App\Controllers\AuthController->login()
#6 /Applications/MAMP/htdocs/bobil-web-v1/vendor/codeigniter4/framework/system/CodeIgniter.php(431): CodeIgniter\CodeIgniter->runController(Object(App\Controllers\AuthController))
#7 /Applications/MAMP/htdocs/bobil-web-v1/vendor/codeigniter4/framework/system/CodeIgniter.php(332): CodeIgniter\CodeIgniter->handleRequest(NULL, Object(Config\Cache), false)
#8 /Applications/MAMP/htdocs/bobil-web-v1/public/index.php(44): CodeIgniter\CodeIgniter->run()
#9 /Applications/MAMP/htdocs/bobil-web-v1/vendor/codeigniter4/framework/system/Commands/Server/rewrite.php(45): require_once('/Applications/M...')
#10 {main}
CRITICAL - 2022-02-04 20:42:38 --> Array to string conversion
#0 /Applications/MAMP/htdocs/bobil-web-v1/app/Views/auth/login.php(2): CodeIgniter\Debug\Exceptions->errorHandler(8, 'Array to string...', '/Applications/M...', 2, Array)
#1 /Applications/MAMP/htdocs/bobil-web-v1/vendor/codeigniter4/framework/system/View/View.php(220): include('/Applications/M...')
#2 /Applications/MAMP/htdocs/bobil-web-v1/vendor/codeigniter4/framework/system/View/View.php(222): CodeIgniter\View\View->CodeIgniter\View\{closure}()
#3 /Applications/MAMP/htdocs/bobil-web-v1/vendor/codeigniter4/framework/system/Common.php(1217): CodeIgniter\View\View->render('auth/login', Array, true)
#4 /Applications/MAMP/htdocs/bobil-web-v1/app/Controllers/AuthController.php(60): view('auth/login', Array)
#5 /Applications/MAMP/htdocs/bobil-web-v1/vendor/codeigniter4/framework/system/CodeIgniter.php(935): App\Controllers\AuthController->login()
#6 /Applications/MAMP/htdocs/bobil-web-v1/vendor/codeigniter4/framework/system/CodeIgniter.php(431): CodeIgniter\CodeIgniter->runController(Object(App\Controllers\AuthController))
#7 /Applications/MAMP/htdocs/bobil-web-v1/vendor/codeigniter4/framework/system/CodeIgniter.php(332): CodeIgniter\CodeIgniter->handleRequest(NULL, Object(Config\Cache), false)
#8 /Applications/MAMP/htdocs/bobil-web-v1/public/index.php(44): CodeIgniter\CodeIgniter->run()
#9 /Applications/MAMP/htdocs/bobil-web-v1/vendor/codeigniter4/framework/system/Commands/Server/rewrite.php(45): require_once('/Applications/M...')
#10 {main}
